#
# There is insufficient memory for the Java Runtime Environment to continue.
# Native memory allocation (malloc) failed to allocate 2102816 bytes for Chunk::new
# Possible reasons:
#   The system is out of physical RAM or swap space
#   The process is running with CompressedOops enabled, and the Java Heap may be blocking the growth of the native heap
# Possible solutions:
#   Reduce memory load on the system
#   Increase physical memory or swap space
#   Check if swap backing store is full
#   Decrease Java heap size (-Xmx/-Xms)
#   Decrease number of Java threads
#   Decrease Java thread stack sizes (-Xss)
#   Set larger code cache with -XX:ReservedCodeCacheSize=
#   JVM is running with Unscaled Compressed Oops mode in which the Java heap is
#     placed in the first 4GB address space. The Java Heap base address is the
#     maximum limit for the native heap growth. Please use -XX:HeapBaseMinAddress
#     to set the Java Heap base and to place the Java Heap above 4GB virtual address.
# This output file may be truncated or incomplete.
#
#  Out of Memory Error (arena.cpp:189), pid=5236, tid=6920
#
# JRE version: OpenJDK Runtime Environment Zulu17.44+15-CA (17.0.8+7) (build 17.0.8+7-LTS)
# Java VM: OpenJDK 64-Bit Server VM Zulu17.44+15-CA (17.0.8+7-LTS, mixed mode, sharing, tiered, compressed oops, compressed class ptrs, g1 gc, windows-amd64)
# No core dump will be written. Minidumps are not enabled by default on client versions of Windows
#

---------------  S U M M A R Y ------------

Command Line: -Dclassworlds.conf=C:\Users\Gabriel Xavier\Downloads\apache-maven-3.9.6\bin\m2.conf -Dmaven.home=C:\Users\Gabriel Xavier\Downloads\apache-maven-3.9.6 -Dlibrary.jansi.path=C:\Users\Gabriel Xavier\Downloads\apache-maven-3.9.6\lib\jansi-native -Dmaven.multiModuleProjectDirectory=E:\IFPB\gustavop6\my-rabbitmq-project org.codehaus.plexus.classworlds.launcher.Launcher clean install

Host: Intel(R) Core(TM) i7-8550U CPU @ 1.80GHz, 8 cores, 7G,  Windows 10 , 64 bit Build 19041 (10.0.19041.4842)
Time: Mon Sep 30 19:25:29 2024 Hora oficial do Brasil elapsed time: 16.303292 seconds (0d 0h 0m 16s)

---------------  T H R E A D  ---------------

Current thread (0x000001327f2e8f30):  JavaThread "C2 CompilerThread0" daemon [_thread_in_native, id=6920, stack(0x0000000bbc600000,0x0000000bbc700000)]


Current CompileTask:
C2:  16303 6880   !   4       java.lang.ClassLoader::loadClass (121 bytes)

Stack: [0x0000000bbc600000,0x0000000bbc700000]
Native frames: (J=compiled Java code, j=interpreted, Vv=VM code, C=native code)
V  [jvm.dll+0x67e01a]
V  [jvm.dll+0x83be54]
V  [jvm.dll+0x83d5fe]
V  [jvm.dll+0x83dc63]
V  [jvm.dll+0x24b18f]
V  [jvm.dll+0xac3ac]
V  [jvm.dll+0xac97c]
V  [jvm.dll+0x2b25cf]
V  [jvm.dll+0x586797]
V  [jvm.dll+0x222ad2]
V  [jvm.dll+0x222eaf]
V  [jvm.dll+0x21bfa5]
V  [jvm.dll+0x21945b]
V  [jvm.dll+0x1a576d]
V  [jvm.dll+0x229259]
V  [jvm.dll+0x22729c]
V  [jvm.dll+0x7f1b4c]
V  [jvm.dll+0x7ebf6a]
V  [jvm.dll+0x67ce65]
C  [ucrtbase.dll+0x21bb2]
C  [KERNEL32.DLL+0x17374]
C  [ntdll.dll+0x4cc91]


---------------  P R O C E S S  ---------------

Threads class SMR info:
_java_thread_list=0x0000013249ec2fe0, length=18, elements={
0x0000013264ea0b60, 0x000001327f2c52f0, 0x000001327f2c6910, 0x000001327f2d8820,
0x000001327f2df610, 0x000001327f2e37c0, 0x000001327f2e4180, 0x000001327f2e8f30,
0x000001327f2eb3b0, 0x000001327f2ed8e0, 0x00000132491ea1b0, 0x000001324920ef10,
0x000001324b3e97a0, 0x000001324b3e9cb0, 0x000001324b3ea1c0, 0x000001324b3ea6d0,
0x000001324b3eb600, 0x000001324b3eabe0
}

Java Threads: ( => current thread )
  0x0000013264ea0b60 JavaThread "main" [_thread_in_native, id=21344, stack(0x0000000bbb900000,0x0000000bbba00000)]
  0x000001327f2c52f0 JavaThread "Reference Handler" daemon [_thread_blocked, id=14304, stack(0x0000000bbc000000,0x0000000bbc100000)]
  0x000001327f2c6910 JavaThread "Finalizer" daemon [_thread_blocked, id=18576, stack(0x0000000bbc100000,0x0000000bbc200000)]
  0x000001327f2d8820 JavaThread "Signal Dispatcher" daemon [_thread_blocked, id=18608, stack(0x0000000bbc200000,0x0000000bbc300000)]
  0x000001327f2df610 JavaThread "Attach Listener" daemon [_thread_blocked, id=25180, stack(0x0000000bbc300000,0x0000000bbc400000)]
  0x000001327f2e37c0 JavaThread "Service Thread" daemon [_thread_blocked, id=22048, stack(0x0000000bbc400000,0x0000000bbc500000)]
  0x000001327f2e4180 JavaThread "Monitor Deflation Thread" daemon [_thread_blocked, id=5792, stack(0x0000000bbc500000,0x0000000bbc600000)]
=>0x000001327f2e8f30 JavaThread "C2 CompilerThread0" daemon [_thread_in_native, id=6920, stack(0x0000000bbc600000,0x0000000bbc700000)]
  0x000001327f2eb3b0 JavaThread "C1 CompilerThread0" daemon [_thread_blocked, id=12628, stack(0x0000000bbc700000,0x0000000bbc800000)]
  0x000001327f2ed8e0 JavaThread "Sweeper thread" daemon [_thread_blocked, id=25120, stack(0x0000000bbc800000,0x0000000bbc900000)]
  0x00000132491ea1b0 JavaThread "Notification Thread" daemon [_thread_blocked, id=21248, stack(0x0000000bbc900000,0x0000000bbca00000)]
  0x000001324920ef10 JavaThread "Common-Cleaner" daemon [_thread_blocked, id=14532, stack(0x0000000bbcb00000,0x0000000bbcc00000)]
  0x000001324b3e97a0 JavaThread "timeout-check-timer" daemon [_thread_blocked, id=5540, stack(0x0000000bbd700000,0x0000000bbd800000)]
  0x000001324b3e9cb0 JavaThread "ping-timer-10s" daemon [_thread_blocked, id=15248, stack(0x0000000bbd800000,0x0000000bbd900000)]
  0x000001324b3ea1c0 JavaThread "ThreadedStreamConsumer" daemon [_thread_blocked, id=2184, stack(0x0000000bbd900000,0x0000000bbda00000)]
  0x000001324b3ea6d0 JavaThread "fork-1-err-thread" daemon [_thread_in_native, id=8832, stack(0x0000000bbda00000,0x0000000bbdb00000)]
  0x000001324b3eb600 JavaThread "commands-fork-1" daemon [_thread_blocked, id=9644, stack(0x0000000bbdb00000,0x0000000bbdc00000)]
  0x000001324b3eabe0 JavaThread "fork-1-event-thread" daemon [_thread_in_native, id=2592, stack(0x0000000bbdc00000,0x0000000bbdd00000)]

Other Threads:
  0x000001327f2bbb10 VMThread "VM Thread" [stack: 0x0000000bbbf00000,0x0000000bbc000000] [id=10752]
  0x000001324920a6a0 WatcherThread [stack: 0x0000000bbca00000,0x0000000bbcb00000] [id=20468]
  0x0000013264efafb0 GCTaskThread "GC Thread#0" [stack: 0x0000000bbba00000,0x0000000bbbb00000] [id=14968]
  0x0000013249ba15e0 GCTaskThread "GC Thread#1" [stack: 0x0000000bbce00000,0x0000000bbcf00000] [id=10428]
  0x000001324927c210 GCTaskThread "GC Thread#2" [stack: 0x0000000bbcf00000,0x0000000bbd000000] [id=11372]
  0x0000013249b2b8f0 GCTaskThread "GC Thread#3" [stack: 0x0000000bbd000000,0x0000000bbd100000] [id=24992]
  0x0000013249b54cf0 GCTaskThread "GC Thread#4" [stack: 0x0000000bbd100000,0x0000000bbd200000] [id=20964]
  0x0000013249b54fb0 GCTaskThread "GC Thread#5" [stack: 0x0000000bbd200000,0x0000000bbd300000] [id=20488]
  0x0000013249ec0970 GCTaskThread "GC Thread#6" [stack: 0x0000000bbd300000,0x0000000bbd400000] [id=15080]
  0x0000013249ec0c30 GCTaskThread "GC Thread#7" [stack: 0x0000000bbd400000,0x0000000bbd500000] [id=9592]
  0x0000013264f0bb00 ConcurrentGCThread "G1 Main Marker" [stack: 0x0000000bbbb00000,0x0000000bbbc00000] [id=6772]
  0x0000013264f0ccc0 ConcurrentGCThread "G1 Conc#0" [stack: 0x0000000bbbc00000,0x0000000bbbd00000] [id=19384]
  0x000001324a47f940 ConcurrentGCThread "G1 Conc#1" [stack: 0x0000000bbd500000,0x0000000bbd600000] [id=5184]
  0x000001327f1744d0 ConcurrentGCThread "G1 Refine#0" [stack: 0x0000000bbbd00000,0x0000000bbbe00000] [id=6668]
  0x000001324b2dfa30 ConcurrentGCThread "G1 Refine#1" [stack: 0x0000000bbcd00000,0x0000000bbce00000] [id=5268]
  0x0000013249360ef0 ConcurrentGCThread "G1 Refine#2" [stack: 0x0000000bbd600000,0x0000000bbd700000] [id=21464]
  0x000001327f174e10 ConcurrentGCThread "G1 Service" [stack: 0x0000000bbbe00000,0x0000000bbbf00000] [id=14724]

Threads with active compile tasks:
C2 CompilerThread0    16385 6880   !   4       java.lang.ClassLoader::loadClass (121 bytes)

VM state: not at safepoint (normal execution)

VM Mutex/Monitor currently owned by a thread: None

Heap address: 0x0000000082000000, size: 2016 MB, Compressed Oops mode: 32-bit

CDS archive(s) mapped at: [0x0000013204000000-0x0000013204c00000-0x0000013204c00000), size 12582912, SharedBaseAddress: 0x0000013204000000, ArchiveRelocationMode: 1.
Compressed class space mapped at: 0x0000013205000000-0x0000013245000000, reserved size: 1073741824
Narrow klass base: 0x0000013204000000, Narrow klass shift: 0, Narrow klass range: 0x100000000

GC Precious Log:
 CPUs: 8 total, 8 available
 Memory: 8056M
 Large Page Support: Disabled
 NUMA Support: Disabled
 Compressed Oops: Enabled (32-bit)
 Heap Region Size: 1M
 Heap Min Capacity: 8M
 Heap Initial Capacity: 126M
 Heap Max Capacity: 2016M
 Pre-touch: Disabled
 Parallel Workers: 8
 Concurrent Workers: 2
 Concurrent Refinement Workers: 8
 Periodic GC: Disabled

Heap:
 garbage-first heap   total 172032K, used 60784K [0x0000000082000000, 0x0000000100000000)
  region size 1024K, 11 young (11264K), 3 survivors (3072K)
 Metaspace       used 32728K, committed 33152K, reserved 1114112K
  class space    used 3766K, committed 3968K, reserved 1048576K

Heap Regions: E=young(eden), S=young(survivor), O=old, HS=humongous(starts), HC=humongous(continues), CS=collection set, F=free, OA=open archive, CA=closed archive, TAMS=top-at-mark-start (previous, next)
|   0|0x0000000082000000, 0x0000000082100000, 0x0000000082100000|100%| O|  |TAMS 0x0000000082100000, 0x0000000082000000| Untracked 
|   1|0x0000000082100000, 0x0000000082200000, 0x0000000082200000|100%| O|  |TAMS 0x0000000082200000, 0x0000000082100000| Untracked 
|   2|0x0000000082200000, 0x0000000082300000, 0x0000000082300000|100%| O|  |TAMS 0x0000000082300000, 0x0000000082200000| Untracked 
|   3|0x0000000082300000, 0x0000000082400000, 0x0000000082400000|100%| O|  |TAMS 0x0000000082400000, 0x0000000082300000| Untracked 
|   4|0x0000000082400000, 0x0000000082500000, 0x0000000082500000|100%| O|  |TAMS 0x0000000082500000, 0x0000000082400000| Untracked 
|   5|0x0000000082500000, 0x0000000082600000, 0x0000000082600000|100%| O|  |TAMS 0x0000000082600000, 0x0000000082500000| Untracked 
|   6|0x0000000082600000, 0x0000000082700000, 0x0000000082700000|100%| O|  |TAMS 0x0000000082600000, 0x0000000082600000| Untracked 
|   7|0x0000000082700000, 0x0000000082800000, 0x0000000082800000|100%| O|  |TAMS 0x0000000082700000, 0x0000000082700000| Untracked 
|   8|0x0000000082800000, 0x0000000082900000, 0x0000000082900000|100%| O|  |TAMS 0x0000000082800000, 0x0000000082800000| Untracked 
|   9|0x0000000082900000, 0x0000000082a00000, 0x0000000082a00000|100%| O|  |TAMS 0x0000000082a00000, 0x0000000082900000| Untracked 
|  10|0x0000000082a00000, 0x0000000082b00000, 0x0000000082b00000|100%| O|  |TAMS 0x0000000082b00000, 0x0000000082a00000| Untracked 
|  11|0x0000000082b00000, 0x0000000082c00000, 0x0000000082c00000|100%| O|  |TAMS 0x0000000082c00000, 0x0000000082b00000| Untracked 
|  12|0x0000000082c00000, 0x0000000082d00000, 0x0000000082d00000|100%| O|  |TAMS 0x0000000082d00000, 0x0000000082c00000| Untracked 
|  13|0x0000000082d00000, 0x0000000082e00000, 0x0000000082e00000|100%| O|  |TAMS 0x0000000082e00000, 0x0000000082d00000| Untracked 
|  14|0x0000000082e00000, 0x0000000082f00000, 0x0000000082f00000|100%| O|  |TAMS 0x0000000082f00000, 0x0000000082e00000| Untracked 
|  15|0x0000000082f00000, 0x0000000083000000, 0x0000000083000000|100%| O|  |TAMS 0x0000000083000000, 0x0000000082f00000| Untracked 
|  16|0x0000000083000000, 0x0000000083100000, 0x0000000083100000|100%| O|  |TAMS 0x0000000083100000, 0x0000000083000000| Untracked 
|  17|0x0000000083100000, 0x0000000083200000, 0x0000000083200000|100%| O|  |TAMS 0x0000000083200000, 0x0000000083100000| Untracked 
|  18|0x0000000083200000, 0x0000000083300000, 0x0000000083300000|100%| O|  |TAMS 0x0000000083300000, 0x0000000083200000| Untracked 
|  19|0x0000000083300000, 0x0000000083400000, 0x0000000083400000|100%| O|  |TAMS 0x0000000083400000, 0x0000000083300000| Untracked 
|  20|0x0000000083400000, 0x0000000083500000, 0x0000000083500000|100%| O|  |TAMS 0x0000000083500000, 0x0000000083400000| Untracked 
|  21|0x0000000083500000, 0x0000000083600000, 0x0000000083600000|100%|HS|  |TAMS 0x0000000083600000, 0x0000000083500000| Complete 
|  22|0x0000000083600000, 0x0000000083700000, 0x0000000083700000|100%| O|  |TAMS 0x0000000083700000, 0x0000000083600000| Untracked 
|  23|0x0000000083700000, 0x0000000083800000, 0x0000000083800000|100%| O|  |TAMS 0x0000000083800000, 0x0000000083700000| Untracked 
|  24|0x0000000083800000, 0x0000000083900000, 0x0000000083900000|100%| O|  |TAMS 0x0000000083900000, 0x0000000083800000| Untracked 
|  25|0x0000000083900000, 0x0000000083a00000, 0x0000000083a00000|100%| O|  |TAMS 0x0000000083900000, 0x0000000083900000| Untracked 
|  26|0x0000000083a00000, 0x0000000083a00000, 0x0000000083b00000|  0%| F|  |TAMS 0x0000000083a00000, 0x0000000083a00000| Untracked 
|  27|0x0000000083b00000, 0x0000000083c00000, 0x0000000083c00000|100%| O|  |TAMS 0x0000000083b00000, 0x0000000083b00000| Untracked 
|  28|0x0000000083c00000, 0x0000000083d00000, 0x0000000083d00000|100%|HS|  |TAMS 0x0000000083d00000, 0x0000000083c00000| Complete 
|  29|0x0000000083d00000, 0x0000000083e00000, 0x0000000083e00000|100%|HC|  |TAMS 0x0000000083e00000, 0x0000000083d00000| Complete 
|  30|0x0000000083e00000, 0x0000000083f00000, 0x0000000083f00000|100%| O|  |TAMS 0x0000000083f00000, 0x0000000083e00000| Untracked 
|  31|0x0000000083f00000, 0x0000000084000000, 0x0000000084000000|100%| O|  |TAMS 0x0000000084000000, 0x0000000083f00000| Untracked 
|  32|0x0000000084000000, 0x0000000084000000, 0x0000000084100000|  0%| F|  |TAMS 0x0000000084000000, 0x0000000084000000| Untracked 
|  33|0x0000000084100000, 0x0000000084200000, 0x0000000084200000|100%| O|  |TAMS 0x0000000084200000, 0x0000000084100000| Untracked 
|  34|0x0000000084200000, 0x0000000084300000, 0x0000000084300000|100%| O|  |TAMS 0x0000000084300000, 0x0000000084200000| Untracked 
|  35|0x0000000084300000, 0x0000000084400000, 0x0000000084400000|100%| O|  |TAMS 0x0000000084300000, 0x0000000084300000| Untracked 
|  36|0x0000000084400000, 0x0000000084500000, 0x0000000084500000|100%| O|  |TAMS 0x0000000084400000, 0x0000000084400000| Untracked 
|  37|0x0000000084500000, 0x0000000084600000, 0x0000000084600000|100%| O|  |TAMS 0x0000000084600000, 0x0000000084500000| Untracked 
|  38|0x0000000084600000, 0x0000000084700000, 0x0000000084700000|100%| O|  |TAMS 0x0000000084700000, 0x0000000084600000| Untracked 
|  39|0x0000000084700000, 0x0000000084800000, 0x0000000084800000|100%| O|  |TAMS 0x0000000084800000, 0x0000000084700000| Untracked 
|  40|0x0000000084800000, 0x0000000084900000, 0x0000000084900000|100%| O|  |TAMS 0x0000000084900000, 0x0000000084800000| Untracked 
|  41|0x0000000084900000, 0x0000000084a00000, 0x0000000084a00000|100%| O|  |TAMS 0x0000000084a00000, 0x0000000084900000| Untracked 
|  42|0x0000000084a00000, 0x0000000084b00000, 0x0000000084b00000|100%| O|  |TAMS 0x0000000084b00000, 0x0000000084a00000| Untracked 
|  43|0x0000000084b00000, 0x0000000084c00000, 0x0000000084c00000|100%| O|  |TAMS 0x0000000084c00000, 0x0000000084b00000| Untracked 
|  44|0x0000000084c00000, 0x0000000084d00000, 0x0000000084d00000|100%| O|  |TAMS 0x0000000084d00000, 0x0000000084c00000| Untracked 
|  45|0x0000000084d00000, 0x0000000084e00000, 0x0000000084e00000|100%| O|  |TAMS 0x0000000084e00000, 0x0000000084d00000| Untracked 
|  46|0x0000000084e00000, 0x0000000084f00000, 0x0000000084f00000|100%| O|  |TAMS 0x0000000084f00000, 0x0000000084e00000| Untracked 
|  47|0x0000000084f00000, 0x0000000085000000, 0x0000000085000000|100%| O|  |TAMS 0x0000000084ff5400, 0x0000000084f00000| Untracked 
|  48|0x0000000085000000, 0x0000000085100000, 0x0000000085100000|100%| O|  |TAMS 0x0000000085000000, 0x0000000085000000| Untracked 
|  49|0x0000000085100000, 0x0000000085200000, 0x0000000085200000|100%| O|  |TAMS 0x0000000085100000, 0x0000000085100000| Untracked 
|  50|0x0000000085200000, 0x0000000085300000, 0x0000000085300000|100%| O|  |TAMS 0x0000000085200000, 0x0000000085200000| Untracked 
|  51|0x0000000085300000, 0x0000000085300000, 0x0000000085400000|  0%| F|  |TAMS 0x0000000085300000, 0x0000000085300000| Untracked 
|  52|0x0000000085400000, 0x0000000085400000, 0x0000000085500000|  0%| F|  |TAMS 0x0000000085400000, 0x0000000085400000| Untracked 
|  53|0x0000000085500000, 0x0000000085500000, 0x0000000085600000|  0%| F|  |TAMS 0x0000000085500000, 0x0000000085500000| Untracked 
|  54|0x0000000085600000, 0x0000000085600000, 0x0000000085700000|  0%| F|  |TAMS 0x0000000085600000, 0x0000000085600000| Untracked 
|  55|0x0000000085700000, 0x0000000085700000, 0x0000000085800000|  0%| F|  |TAMS 0x0000000085700000, 0x0000000085700000| Untracked 
|  56|0x0000000085800000, 0x0000000085800000, 0x0000000085900000|  0%| F|  |TAMS 0x0000000085800000, 0x0000000085800000| Untracked 
|  57|0x0000000085900000, 0x0000000085900000, 0x0000000085a00000|  0%| F|  |TAMS 0x0000000085900000, 0x0000000085900000| Untracked 
|  58|0x0000000085a00000, 0x0000000085a00000, 0x0000000085b00000|  0%| F|  |TAMS 0x0000000085a00000, 0x0000000085a00000| Untracked 
|  59|0x0000000085b00000, 0x0000000085b00000, 0x0000000085c00000|  0%| F|  |TAMS 0x0000000085b00000, 0x0000000085b00000| Untracked 
|  60|0x0000000085c00000, 0x0000000085c00000, 0x0000000085d00000|  0%| F|  |TAMS 0x0000000085c00000, 0x0000000085c00000| Untracked 
|  61|0x0000000085d00000, 0x0000000085d00000, 0x0000000085e00000|  0%| F|  |TAMS 0x0000000085d00000, 0x0000000085d00000| Untracked 
|  62|0x0000000085e00000, 0x0000000085e00000, 0x0000000085f00000|  0%| F|  |TAMS 0x0000000085e00000, 0x0000000085e00000| Untracked 
|  63|0x0000000085f00000, 0x0000000085f00000, 0x0000000086000000|  0%| F|  |TAMS 0x0000000085f00000, 0x0000000085f00000| Untracked 
|  64|0x0000000086000000, 0x0000000086000000, 0x0000000086100000|  0%| F|  |TAMS 0x0000000086000000, 0x0000000086000000| Untracked 
|  65|0x0000000086100000, 0x0000000086100000, 0x0000000086200000|  0%| F|  |TAMS 0x0000000086100000, 0x0000000086100000| Untracked 
|  66|0x0000000086200000, 0x0000000086200000, 0x0000000086300000|  0%| F|  |TAMS 0x0000000086200000, 0x0000000086200000| Untracked 
|  67|0x0000000086300000, 0x0000000086300000, 0x0000000086400000|  0%| F|  |TAMS 0x0000000086300000, 0x0000000086300000| Untracked 
|  68|0x0000000086400000, 0x0000000086400000, 0x0000000086500000|  0%| F|  |TAMS 0x0000000086400000, 0x0000000086400000| Untracked 
|  69|0x0000000086500000, 0x0000000086500000, 0x0000000086600000|  0%| F|  |TAMS 0x0000000086500000, 0x0000000086500000| Untracked 
|  70|0x0000000086600000, 0x0000000086600000, 0x0000000086700000|  0%| F|  |TAMS 0x0000000086600000, 0x0000000086600000| Untracked 
|  71|0x0000000086700000, 0x0000000086700000, 0x0000000086800000|  0%| F|  |TAMS 0x0000000086700000, 0x0000000086700000| Untracked 
|  72|0x0000000086800000, 0x0000000086800000, 0x0000000086900000|  0%| F|  |TAMS 0x0000000086800000, 0x0000000086800000| Untracked 
|  73|0x0000000086900000, 0x0000000086900000, 0x0000000086a00000|  0%| F|  |TAMS 0x0000000086900000, 0x0000000086900000| Untracked 
|  74|0x0000000086a00000, 0x0000000086a00000, 0x0000000086b00000|  0%| F|  |TAMS 0x0000000086a00000, 0x0000000086a00000| Untracked 
|  75|0x0000000086b00000, 0x0000000086b00000, 0x0000000086c00000|  0%| F|  |TAMS 0x0000000086b00000, 0x0000000086b00000| Untracked 
|  76|0x0000000086c00000, 0x0000000086c00000, 0x0000000086d00000|  0%| F|  |TAMS 0x0000000086c00000, 0x0000000086c00000| Untracked 
|  77|0x0000000086d00000, 0x0000000086d00000, 0x0000000086e00000|  0%| F|  |TAMS 0x0000000086d00000, 0x0000000086d00000| Untracked 
|  78|0x0000000086e00000, 0x0000000086e00000, 0x0000000086f00000|  0%| F|  |TAMS 0x0000000086e00000, 0x0000000086e00000| Untracked 
|  79|0x0000000086f00000, 0x0000000086f00000, 0x0000000087000000|  0%| F|  |TAMS 0x0000000086f00000, 0x0000000086f00000| Untracked 
|  80|0x0000000087000000, 0x0000000087000000, 0x0000000087100000|  0%| F|  |TAMS 0x0000000087000000, 0x0000000087000000| Untracked 
|  81|0x0000000087100000, 0x0000000087100000, 0x0000000087200000|  0%| F|  |TAMS 0x0000000087100000, 0x0000000087100000| Untracked 
|  82|0x0000000087200000, 0x0000000087200000, 0x0000000087300000|  0%| F|  |TAMS 0x0000000087200000, 0x0000000087200000| Untracked 
|  83|0x0000000087300000, 0x0000000087300000, 0x0000000087400000|  0%| F|  |TAMS 0x0000000087300000, 0x0000000087300000| Untracked 
|  84|0x0000000087400000, 0x0000000087400000, 0x0000000087500000|  0%| F|  |TAMS 0x0000000087400000, 0x0000000087400000| Untracked 
|  85|0x0000000087500000, 0x0000000087500000, 0x0000000087600000|  0%| F|  |TAMS 0x0000000087500000, 0x0000000087500000| Untracked 
|  86|0x0000000087600000, 0x0000000087600000, 0x0000000087700000|  0%| F|  |TAMS 0x0000000087600000, 0x0000000087600000| Untracked 
|  87|0x0000000087700000, 0x0000000087700000, 0x0000000087800000|  0%| F|  |TAMS 0x0000000087700000, 0x0000000087700000| Untracked 
|  88|0x0000000087800000, 0x0000000087800000, 0x0000000087900000|  0%| F|  |TAMS 0x0000000087800000, 0x0000000087800000| Untracked 
|  89|0x0000000087900000, 0x0000000087900000, 0x0000000087a00000|  0%| F|  |TAMS 0x0000000087900000, 0x0000000087900000| Untracked 
|  90|0x0000000087a00000, 0x0000000087a00000, 0x0000000087b00000|  0%| F|  |TAMS 0x0000000087a00000, 0x0000000087a00000| Untracked 
|  91|0x0000000087b00000, 0x0000000087b00000, 0x0000000087c00000|  0%| F|  |TAMS 0x0000000087b00000, 0x0000000087b00000| Untracked 
|  92|0x0000000087c00000, 0x0000000087c00000, 0x0000000087d00000|  0%| F|  |TAMS 0x0000000087c00000, 0x0000000087c00000| Untracked 
|  93|0x0000000087d00000, 0x0000000087d00000, 0x0000000087e00000|  0%| F|  |TAMS 0x0000000087d00000, 0x0000000087d00000| Untracked 
|  94|0x0000000087e00000, 0x0000000087e00000, 0x0000000087f00000|  0%| F|  |TAMS 0x0000000087e00000, 0x0000000087e00000| Untracked 
|  95|0x0000000087f00000, 0x0000000087f00000, 0x0000000088000000|  0%| F|  |TAMS 0x0000000087f00000, 0x0000000087f00000| Untracked 
|  96|0x0000000088000000, 0x0000000088000000, 0x0000000088100000|  0%| F|  |TAMS 0x0000000088000000, 0x0000000088000000| Untracked 
|  97|0x0000000088100000, 0x0000000088100000, 0x0000000088200000|  0%| F|  |TAMS 0x0000000088100000, 0x0000000088100000| Untracked 
|  98|0x0000000088200000, 0x0000000088200000, 0x0000000088300000|  0%| F|  |TAMS 0x0000000088200000, 0x0000000088200000| Untracked 
|  99|0x0000000088300000, 0x0000000088300000, 0x0000000088400000|  0%| F|  |TAMS 0x0000000088300000, 0x0000000088300000| Untracked 
| 100|0x0000000088400000, 0x0000000088400000, 0x0000000088500000|  0%| F|  |TAMS 0x0000000088400000, 0x0000000088400000| Untracked 
| 101|0x0000000088500000, 0x0000000088500000, 0x0000000088600000|  0%| F|  |TAMS 0x0000000088500000, 0x0000000088500000| Untracked 
| 102|0x0000000088600000, 0x0000000088600000, 0x0000000088700000|  0%| F|  |TAMS 0x0000000088600000, 0x0000000088600000| Untracked 
| 103|0x0000000088700000, 0x0000000088700000, 0x0000000088800000|  0%| F|  |TAMS 0x0000000088700000, 0x0000000088700000| Untracked 
| 104|0x0000000088800000, 0x0000000088800000, 0x0000000088900000|  0%| F|  |TAMS 0x0000000088800000, 0x0000000088800000| Untracked 
| 105|0x0000000088900000, 0x0000000088900000, 0x0000000088a00000|  0%| F|  |TAMS 0x0000000088900000, 0x0000000088900000| Untracked 
| 106|0x0000000088a00000, 0x0000000088a00000, 0x0000000088b00000|  0%| F|  |TAMS 0x0000000088a00000, 0x0000000088a00000| Untracked 
| 107|0x0000000088b00000, 0x0000000088b00000, 0x0000000088c00000|  0%| F|  |TAMS 0x0000000088b00000, 0x0000000088b00000| Untracked 
| 108|0x0000000088c00000, 0x0000000088c00000, 0x0000000088d00000|  0%| F|  |TAMS 0x0000000088c00000, 0x0000000088c00000| Untracked 
| 109|0x0000000088d00000, 0x0000000088d00000, 0x0000000088e00000|  0%| F|  |TAMS 0x0000000088d00000, 0x0000000088d00000| Untracked 
| 110|0x0000000088e00000, 0x0000000088e00000, 0x0000000088f00000|  0%| F|  |TAMS 0x0000000088e00000, 0x0000000088e00000| Untracked 
| 111|0x0000000088f00000, 0x0000000088f00000, 0x0000000089000000|  0%| F|  |TAMS 0x0000000088f00000, 0x0000000088f00000| Untracked 
| 112|0x0000000089000000, 0x0000000089000000, 0x0000000089100000|  0%| F|  |TAMS 0x0000000089000000, 0x0000000089000000| Untracked 
| 113|0x0000000089100000, 0x0000000089100000, 0x0000000089200000|  0%| F|  |TAMS 0x0000000089100000, 0x0000000089100000| Untracked 
| 114|0x0000000089200000, 0x0000000089200000, 0x0000000089300000|  0%| F|  |TAMS 0x0000000089200000, 0x0000000089200000| Untracked 
| 115|0x0000000089300000, 0x0000000089300000, 0x0000000089400000|  0%| F|  |TAMS 0x0000000089300000, 0x0000000089300000| Untracked 
| 116|0x0000000089400000, 0x0000000089400000, 0x0000000089500000|  0%| F|  |TAMS 0x0000000089400000, 0x0000000089400000| Untracked 
| 117|0x0000000089500000, 0x0000000089500000, 0x0000000089600000|  0%| F|  |TAMS 0x0000000089500000, 0x0000000089500000| Untracked 
| 118|0x0000000089600000, 0x0000000089600000, 0x0000000089700000|  0%| F|  |TAMS 0x0000000089600000, 0x0000000089600000| Untracked 
| 119|0x0000000089700000, 0x000000008975c1c0, 0x0000000089800000| 35%| S|CS|TAMS 0x0000000089700000, 0x0000000089700000| Complete 
| 120|0x0000000089800000, 0x0000000089900000, 0x0000000089900000|100%| S|CS|TAMS 0x0000000089800000, 0x0000000089800000| Complete 
| 121|0x0000000089900000, 0x0000000089a00000, 0x0000000089a00000|100%| S|CS|TAMS 0x0000000089900000, 0x0000000089900000| Complete 
| 122|0x0000000089a00000, 0x0000000089a00000, 0x0000000089b00000|  0%| F|  |TAMS 0x0000000089a00000, 0x0000000089a00000| Untracked 
| 123|0x0000000089b00000, 0x0000000089b00000, 0x0000000089c00000|  0%| F|  |TAMS 0x0000000089b00000, 0x0000000089b00000| Untracked 
| 124|0x0000000089c00000, 0x0000000089c00000, 0x0000000089d00000|  0%| F|  |TAMS 0x0000000089c00000, 0x0000000089c00000| Untracked 
| 125|0x0000000089d00000, 0x0000000089d00000, 0x0000000089e00000|  0%| F|  |TAMS 0x0000000089d00000, 0x0000000089d00000| Untracked 
| 126|0x0000000089e00000, 0x0000000089e00000, 0x0000000089f00000|  0%| F|  |TAMS 0x0000000089e00000, 0x0000000089e00000| Untracked 
| 127|0x0000000089f00000, 0x0000000089f00000, 0x000000008a000000|  0%| F|  |TAMS 0x0000000089f00000, 0x0000000089f00000| Untracked 
| 128|0x000000008a000000, 0x000000008a000000, 0x000000008a100000|  0%| F|  |TAMS 0x000000008a000000, 0x000000008a000000| Untracked 
| 129|0x000000008a100000, 0x000000008a100000, 0x000000008a200000|  0%| F|  |TAMS 0x000000008a100000, 0x000000008a100000| Untracked 
| 130|0x000000008a200000, 0x000000008a200000, 0x000000008a300000|  0%| F|  |TAMS 0x000000008a200000, 0x000000008a200000| Untracked 
| 131|0x000000008a300000, 0x000000008a300000, 0x000000008a400000|  0%| F|  |TAMS 0x000000008a300000, 0x000000008a300000| Untracked 
| 132|0x000000008a400000, 0x000000008a400000, 0x000000008a500000|  0%| F|  |TAMS 0x000000008a400000, 0x000000008a400000| Untracked 
| 133|0x000000008a500000, 0x000000008a500000, 0x000000008a600000|  0%| F|  |TAMS 0x000000008a500000, 0x000000008a500000| Untracked 
| 134|0x000000008a600000, 0x000000008a600000, 0x000000008a700000|  0%| F|  |TAMS 0x000000008a600000, 0x000000008a600000| Untracked 
| 135|0x000000008a700000, 0x000000008a700000, 0x000000008a800000|  0%| F|  |TAMS 0x000000008a700000, 0x000000008a700000| Untracked 
| 136|0x000000008a800000, 0x000000008a800000, 0x000000008a900000|  0%| F|  |TAMS 0x000000008a800000, 0x000000008a800000| Untracked 
| 137|0x000000008a900000, 0x000000008a900000, 0x000000008aa00000|  0%| F|  |TAMS 0x000000008a900000, 0x000000008a900000| Untracked 
| 138|0x000000008aa00000, 0x000000008aa00000, 0x000000008ab00000|  0%| F|  |TAMS 0x000000008aa00000, 0x000000008aa00000| Untracked 
| 139|0x000000008ab00000, 0x000000008ab00000, 0x000000008ac00000|  0%| F|  |TAMS 0x000000008ab00000, 0x000000008ab00000| Untracked 
| 140|0x000000008ac00000, 0x000000008ac00000, 0x000000008ad00000|  0%| F|  |TAMS 0x000000008ac00000, 0x000000008ac00000| Untracked 
| 141|0x000000008ad00000, 0x000000008ad00000, 0x000000008ae00000|  0%| F|  |TAMS 0x000000008ad00000, 0x000000008ad00000| Untracked 
| 142|0x000000008ae00000, 0x000000008ae00000, 0x000000008af00000|  0%| F|  |TAMS 0x000000008ae00000, 0x000000008ae00000| Untracked 
| 143|0x000000008af00000, 0x000000008af00000, 0x000000008b000000|  0%| F|  |TAMS 0x000000008af00000, 0x000000008af00000| Untracked 
| 144|0x000000008b000000, 0x000000008b000000, 0x000000008b100000|  0%| F|  |TAMS 0x000000008b000000, 0x000000008b000000| Untracked 
| 145|0x000000008b100000, 0x000000008b100000, 0x000000008b200000|  0%| F|  |TAMS 0x000000008b100000, 0x000000008b100000| Untracked 
| 146|0x000000008b200000, 0x000000008b200000, 0x000000008b300000|  0%| F|  |TAMS 0x000000008b200000, 0x000000008b200000| Untracked 
| 147|0x000000008b300000, 0x000000008b300000, 0x000000008b400000|  0%| F|  |TAMS 0x000000008b300000, 0x000000008b300000| Untracked 
| 148|0x000000008b400000, 0x000000008b400000, 0x000000008b500000|  0%| F|  |TAMS 0x000000008b400000, 0x000000008b400000| Untracked 
| 149|0x000000008b500000, 0x000000008b500000, 0x000000008b600000|  0%| F|  |TAMS 0x000000008b500000, 0x000000008b500000| Untracked 
| 150|0x000000008b600000, 0x000000008b600000, 0x000000008b700000|  0%| F|  |TAMS 0x000000008b600000, 0x000000008b600000| Untracked 
| 151|0x000000008b700000, 0x000000008b700000, 0x000000008b800000|  0%| F|  |TAMS 0x000000008b700000, 0x000000008b700000| Untracked 
| 152|0x000000008b800000, 0x000000008b800000, 0x000000008b900000|  0%| F|  |TAMS 0x000000008b800000, 0x000000008b800000| Untracked 
| 153|0x000000008b900000, 0x000000008b900000, 0x000000008ba00000|  0%| F|  |TAMS 0x000000008b900000, 0x000000008b900000| Untracked 
| 154|0x000000008ba00000, 0x000000008ba00000, 0x000000008bb00000|  0%| F|  |TAMS 0x000000008ba00000, 0x000000008ba00000| Untracked 
| 155|0x000000008bb00000, 0x000000008bb00000, 0x000000008bc00000|  0%| F|  |TAMS 0x000000008bb00000, 0x000000008bb00000| Untracked 
| 156|0x000000008bc00000, 0x000000008bc00000, 0x000000008bd00000|  0%| F|  |TAMS 0x000000008bc00000, 0x000000008bc00000| Untracked 
| 157|0x000000008bd00000, 0x000000008bd00000, 0x000000008be00000|  0%| F|  |TAMS 0x000000008bd00000, 0x000000008bd00000| Untracked 
| 158|0x000000008be00000, 0x000000008be00000, 0x000000008bf00000|  0%| F|  |TAMS 0x000000008be00000, 0x000000008be00000| Untracked 
| 159|0x000000008bf00000, 0x000000008bffdf20, 0x000000008c000000| 99%| E|  |TAMS 0x000000008bf00000, 0x000000008bf00000| Complete 
| 160|0x000000008c000000, 0x000000008c100000, 0x000000008c100000|100%| E|CS|TAMS 0x000000008c000000, 0x000000008c000000| Complete 
| 161|0x000000008c100000, 0x000000008c200000, 0x000000008c200000|100%| E|CS|TAMS 0x000000008c100000, 0x000000008c100000| Complete 
| 162|0x000000008c200000, 0x000000008c300000, 0x000000008c300000|100%| E|CS|TAMS 0x000000008c200000, 0x000000008c200000| Complete 
| 163|0x000000008c300000, 0x000000008c400000, 0x000000008c400000|100%| E|CS|TAMS 0x000000008c300000, 0x000000008c300000| Complete 
|2012|0x00000000ffc00000, 0x00000000ffd00000, 0x00000000ffd00000|100%| E|CS|TAMS 0x00000000ffc00000, 0x00000000ffc00000| Complete 
|2013|0x00000000ffd00000, 0x00000000ffe00000, 0x00000000ffe00000|100%| E|CS|TAMS 0x00000000ffd00000, 0x00000000ffd00000| Complete 
|2014|0x00000000ffe00000, 0x00000000fff00000, 0x00000000fff00000|100%| E|CS|TAMS 0x00000000ffe00000, 0x00000000ffe00000| Complete 
|2015|0x00000000fff00000, 0x0000000100000000, 0x0000000100000000|100%| O|  |TAMS 0x0000000100000000, 0x00000000fff00000| Untracked 

Card table byte_map: [0x000001327c160000,0x000001327c550000] _byte_map_base: 0x000001327bd50000

Marking Bits (Prev, Next): (CMBitMap*) 0x0000013264efb610, (CMBitMap*) 0x0000013264efb5d0
 Prev Bits: [0x0000013200000000, 0x0000013201f80000)
 Next Bits: [0x000001327c940000, 0x000001327e8c0000)

Polling page: 0x0000013262d50000

Metaspace:

Usage:
  Non-class:     28.28 MB used.
      Class:      3.68 MB used.
       Both:     31.96 MB used.

Virtual space:
  Non-class space:       64.00 MB reserved,      28.50 MB ( 45%) committed,  1 nodes.
      Class space:        1.00 GB reserved,       3.88 MB ( <1%) committed,  1 nodes.
             Both:        1.06 GB reserved,      32.38 MB (  3%) committed. 

Chunk freelists:
   Non-Class:  3.50 MB
       Class:  11.97 MB
        Both:  15.47 MB

MaxMetaspaceSize: unlimited
CompressedClassSpaceSize: 1.00 GB
Initial GC threshold: 21.00 MB
Current GC threshold: 48.44 MB
CDS: on
MetaspaceReclaimPolicy: balanced
 - commit_granule_bytes: 65536.
 - commit_granule_words: 8192.
 - virtual_space_node_default_size: 8388608.
 - enlarge_chunks_in_place: 1.
 - new_chunks_are_fully_committed: 0.
 - uncommit_free_chunks: 1.
 - use_allocation_guard: 0.
 - handle_deallocations: 1.


Internal statistics:

num_allocs_failed_limit: 5.
num_arena_births: 202.
num_arena_deaths: 6.
num_vsnodes_births: 2.
num_vsnodes_deaths: 0.
num_space_committed: 533.
num_space_uncommitted: 15.
num_chunks_returned_to_freelist: 75.
num_chunks_taken_from_freelist: 1438.
num_chunk_merges: 23.
num_chunk_splits: 1020.
num_chunks_enlarged: 805.
num_inconsistent_stats: 0.

CodeHeap 'non-profiled nmethods': size=120000Kb used=3965Kb max_used=3965Kb free=116034Kb
 bounds [0x0000013274500000, 0x00000132748e0000, 0x000001327ba30000]
CodeHeap 'profiled nmethods': size=120000Kb used=13016Kb max_used=13016Kb free=106983Kb
 bounds [0x000001326ca30000, 0x000001326d6f0000, 0x0000013273f60000]
CodeHeap 'non-nmethods': size=5760Kb used=1247Kb max_used=1314Kb free=4512Kb
 bounds [0x0000013273f60000, 0x00000132741d0000, 0x0000013274500000]
 total_blobs=6678 nmethods=6118 adapters=472
 compilation: enabled
              stopped_count=0, restarted_count=0
 full_count=0

Compilation events (20 events):
Event: 16.089 Thread 0x000001324c850050 6916       4       java.util.BitSet::checkInvariants (111 bytes)
Event: 16.089 Thread 0x000001324c850050 nmethod 6916 0x00000132748db590 code [0x00000132748db700, 0x00000132748db778]
Event: 16.089 Thread 0x000001324c850050 6917       4       java.util.BitSet::get (69 bytes)
Event: 16.091 Thread 0x000001324c850050 nmethod 6917 0x00000132748db890 code [0x00000132748dba00, 0x00000132748dbb18]
Event: 16.091 Thread 0x000001324c850050 6903       4       java.util.regex.Pattern$TreeInfo::reset (21 bytes)
Event: 16.092 Thread 0x000001324c850050 nmethod 6903 0x00000132748dbc10 code [0x00000132748dbd80, 0x00000132748dbe18]
Event: 16.093 Thread 0x000001324c850050 6898       4       java.lang.AbstractStringBuilder::getCoder (15 bytes)
Event: 16.093 Thread 0x000001324c850050 nmethod 6898 0x00000132748dbf10 code [0x00000132748dc080, 0x00000132748dc0f8]
Event: 16.102 Thread 0x000001327f2eb3b0 6950       3       java.lang.Package$VersionInfo::<init> (44 bytes)
Event: 16.102 Thread 0x000001327f2eb3b0 nmethod 6950 0x000001326d6df390 code [0x000001326d6df540, 0x000001326d6df938]
Event: 16.103 Thread 0x000001324c850050 6951       4       java.util.WeakHashMap::put (160 bytes)
Event: 16.118 Thread 0x000001327f2eb3b0 6953       3       java.lang.invoke.MethodHandles$Lookup::resolveOrFail (48 bytes)
Event: 16.119 Thread 0x000001327f2eb3b0 nmethod 6953 0x000001326d6dfa10 code [0x000001326d6dfc40, 0x000001326d6e02e8]
Event: 16.120 Thread 0x000001327f2eb3b0 6954       3       java.lang.invoke.MethodHandles$Lookup::checkMethodName (45 bytes)
Event: 16.121 Thread 0x000001327f2eb3b0 nmethod 6954 0x000001326d6e0590 code [0x000001326d6e07e0, 0x000001326d6e0f28]
Event: 16.121 Thread 0x000001327f2eb3b0 6955       3       java.lang.AbstractStringBuilder::append (45 bytes)
Event: 16.122 Thread 0x000001327f2eb3b0 nmethod 6955 0x000001326d6e1210 code [0x000001326d6e13e0, 0x000001326d6e1728]
Event: 16.125 Thread 0x000001324c850050 nmethod 6951 0x00000132748dc210 code [0x00000132748dc3c0, 0x00000132748dced8]
Event: 16.125 Thread 0x000001324c850050 6952       4       sun.net.www.ParseUtil::encodePath (41 bytes)
Event: 16.130 Thread 0x000001324c850050 nmethod 6952 0x00000132748dd290 code [0x00000132748dd420, 0x00000132748dd6b8]

GC Heap History (20 events):
Event: 10.259 GC heap before
{Heap before GC invocations=7 (full 0):
 garbage-first heap   total 86016K, used 37840K [0x0000000082000000, 0x0000000100000000)
  region size 1024K, 7 young (7168K), 6 survivors (6144K)
 Metaspace       used 26939K, committed 27264K, reserved 1114112K
  class space    used 3117K, committed 3264K, reserved 1048576K
}
Event: 10.272 GC heap after
{Heap after GC invocations=8 (full 0):
 garbage-first heap   total 86016K, used 38653K [0x0000000082000000, 0x0000000100000000)
  region size 1024K, 1 young (1024K), 1 survivors (1024K)
 Metaspace       used 26939K, committed 27264K, reserved 1114112K
  class space    used 3117K, committed 3264K, reserved 1048576K
}
Event: 11.102 GC heap before
{Heap before GC invocations=8 (full 0):
 garbage-first heap   total 86016K, used 62205K [0x0000000082000000, 0x0000000100000000)
  region size 1024K, 25 young (25600K), 1 survivors (1024K)
 Metaspace       used 28098K, committed 28416K, reserved 1114112K
  class space    used 3265K, committed 3392K, reserved 1048576K
}
Event: 11.106 GC heap after
{Heap after GC invocations=9 (full 0):
 garbage-first heap   total 86016K, used 38383K [0x0000000082000000, 0x0000000100000000)
  region size 1024K, 1 young (1024K), 1 survivors (1024K)
 Metaspace       used 28098K, committed 28416K, reserved 1114112K
  class space    used 3265K, committed 3392K, reserved 1048576K
}
Event: 12.295 GC heap before
{Heap before GC invocations=9 (full 0):
 garbage-first heap   total 86016K, used 65007K [0x0000000082000000, 0x0000000100000000)
  region size 1024K, 27 young (27648K), 1 survivors (1024K)
 Metaspace       used 29449K, committed 29760K, reserved 1114112K
  class space    used 3435K, committed 3584K, reserved 1048576K
}
Event: 12.306 GC heap after
{Heap after GC invocations=10 (full 0):
 garbage-first heap   total 86016K, used 40156K [0x0000000082000000, 0x0000000100000000)
  region size 1024K, 4 young (4096K), 4 survivors (4096K)
 Metaspace       used 29449K, committed 29760K, reserved 1114112K
  class space    used 3435K, committed 3584K, reserved 1048576K
}
Event: 12.340 GC heap before
{Heap before GC invocations=10 (full 0):
 garbage-first heap   total 86016K, used 45276K [0x0000000082000000, 0x0000000100000000)
  region size 1024K, 9 young (9216K), 4 survivors (4096K)
 Metaspace       used 29462K, committed 29760K, reserved 1114112K
  class space    used 3435K, committed 3584K, reserved 1048576K
}
Event: 12.355 GC heap after
{Heap after GC invocations=11 (full 0):
 garbage-first heap   total 86016K, used 46013K [0x0000000082000000, 0x0000000100000000)
  region size 1024K, 4 young (4096K), 4 survivors (4096K)
 Metaspace       used 29462K, committed 29760K, reserved 1114112K
  class space    used 3435K, committed 3584K, reserved 1048576K
}
Event: 12.510 GC heap before
{Heap before GC invocations=12 (full 0):
 garbage-first heap   total 86016K, used 58301K [0x0000000082000000, 0x0000000100000000)
  region size 1024K, 17 young (17408K), 4 survivors (4096K)
 Metaspace       used 29512K, committed 29888K, reserved 1114112K
  class space    used 3436K, committed 3584K, reserved 1048576K
}
Event: 12.520 GC heap after
{Heap after GC invocations=13 (full 0):
 garbage-first heap   total 86016K, used 51688K [0x0000000082000000, 0x0000000100000000)
  region size 1024K, 3 young (3072K), 3 survivors (3072K)
 Metaspace       used 29512K, committed 29888K, reserved 1114112K
  class space    used 3436K, committed 3584K, reserved 1048576K
}
Event: 12.554 GC heap before
{Heap before GC invocations=13 (full 0):
 garbage-first heap   total 86016K, used 52712K [0x0000000082000000, 0x0000000100000000)
  region size 1024K, 4 young (4096K), 3 survivors (3072K)
 Metaspace       used 29513K, committed 29888K, reserved 1114112K
  class space    used 3436K, committed 3584K, reserved 1048576K
}
Event: 12.562 GC heap after
{Heap after GC invocations=14 (full 0):
 garbage-first heap   total 86016K, used 45454K [0x0000000082000000, 0x0000000100000000)
  region size 1024K, 1 young (1024K), 1 survivors (1024K)
 Metaspace       used 29513K, committed 29888K, reserved 1114112K
  class space    used 3436K, committed 3584K, reserved 1048576K
}
Event: 12.802 GC heap before
{Heap before GC invocations=14 (full 0):
 garbage-first heap   total 86016K, used 58766K [0x0000000082000000, 0x0000000100000000)
  region size 1024K, 14 young (14336K), 1 survivors (1024K)
 Metaspace       used 29517K, committed 29888K, reserved 1114112K
  class space    used 3436K, committed 3584K, reserved 1048576K
}
Event: 12.808 GC heap after
{Heap after GC invocations=15 (full 0):
 garbage-first heap   total 172032K, used 49840K [0x0000000082000000, 0x0000000100000000)
  region size 1024K, 2 young (2048K), 2 survivors (2048K)
 Metaspace       used 29517K, committed 29888K, reserved 1114112K
  class space    used 3436K, committed 3584K, reserved 1048576K
}
Event: 14.462 GC heap before
{Heap before GC invocations=16 (full 0):
 garbage-first heap   total 172032K, used 89776K [0x0000000082000000, 0x0000000100000000)
  region size 1024K, 43 young (44032K), 2 survivors (2048K)
 Metaspace       used 29319K, committed 29696K, reserved 1114112K
  class space    used 3414K, committed 3584K, reserved 1048576K
}
Event: 14.469 GC heap after
{Heap after GC invocations=17 (full 0):
 garbage-first heap   total 172032K, used 53104K [0x0000000082000000, 0x0000000100000000)
  region size 1024K, 6 young (6144K), 6 survivors (6144K)
 Metaspace       used 29319K, committed 29696K, reserved 1114112K
  class space    used 3414K, committed 3584K, reserved 1048576K
}
Event: 14.529 GC heap before
{Heap before GC invocations=17 (full 0):
 garbage-first heap   total 172032K, used 54128K [0x0000000082000000, 0x0000000100000000)
  region size 1024K, 8 young (8192K), 6 survivors (6144K)
 Metaspace       used 29418K, committed 29760K, reserved 1114112K
  class space    used 3424K, committed 3584K, reserved 1048576K
}
Event: 14.533 GC heap after
{Heap after GC invocations=18 (full 0):
 garbage-first heap   total 172032K, used 52765K [0x0000000082000000, 0x0000000100000000)
  region size 1024K, 1 young (1024K), 1 survivors (1024K)
 Metaspace       used 29418K, committed 29760K, reserved 1114112K
  class space    used 3424K, committed 3584K, reserved 1048576K
}
Event: 15.891 GC heap before
{Heap before GC invocations=18 (full 0):
 garbage-first heap   total 172032K, used 97821K [0x0000000082000000, 0x0000000100000000)
  region size 1024K, 45 young (46080K), 1 survivors (1024K)
 Metaspace       used 31525K, committed 31872K, reserved 1114112K
  class space    used 3627K, committed 3776K, reserved 1048576K
}
Event: 15.896 GC heap after
{Heap after GC invocations=19 (full 0):
 garbage-first heap   total 172032K, used 53616K [0x0000000082000000, 0x0000000100000000)
  region size 1024K, 3 young (3072K), 3 survivors (3072K)
 Metaspace       used 31525K, committed 31872K, reserved 1114112K
  class space    used 3627K, committed 3776K, reserved 1048576K
}

Dll operation events (8 events):
Event: 0.012 Loaded shared library C:\Program Files\Java\zulu17.44.15-ca-jdk17.0.8-win_x64\bin\java.dll
Event: 0.036 Loaded shared library C:\Program Files\Java\zulu17.44.15-ca-jdk17.0.8-win_x64\bin\jsvml.dll
Event: 0.075 Loaded shared library C:\Program Files\Java\zulu17.44.15-ca-jdk17.0.8-win_x64\bin\net.dll
Event: 0.077 Loaded shared library C:\Program Files\Java\zulu17.44.15-ca-jdk17.0.8-win_x64\bin\nio.dll
Event: 0.081 Loaded shared library C:\Program Files\Java\zulu17.44.15-ca-jdk17.0.8-win_x64\bin\zip.dll
Event: 0.232 Loaded shared library C:\Program Files\Java\zulu17.44.15-ca-jdk17.0.8-win_x64\bin\jimage.dll
Event: 0.241 Loaded shared library C:\Users\Gabriel Xavier\Downloads\apache-maven-3.9.6\lib\jansi-native\Windows\x86_64\jansi.dll
Event: 0.258 Loaded shared library C:\Program Files\Java\zulu17.44.15-ca-jdk17.0.8-win_x64\bin\verify.dll

Deoptimization events (20 events):
Event: 16.120 Thread 0x000001324b3ea6d0 Uncommon trap: trap_request=0xffffff45 fr.pc=0x000001327461cc24 relative=0x0000000000000564
Event: 16.120 Thread 0x000001324b3ea6d0 Uncommon trap: reason=unstable_if action=reinterpret pc=0x000001327461cc24 method=java.lang.AbstractStringBuilder.putStringAt(ILjava/lang/String;II)V @ 8 c2
Event: 16.121 Thread 0x000001324b3ea6d0 DEOPT PACKING pc=0x000001327461cc24 sp=0x0000000bbdafed70
Event: 16.121 Thread 0x000001324b3ea6d0 DEOPT UNPACKING pc=0x0000013273fb69a3 sp=0x0000000bbdafec60 mode 2
Event: 16.121 Thread 0x000001324b3ea6d0 Uncommon trap: trap_request=0xffffff45 fr.pc=0x000001327460c914 relative=0x0000000000000114
Event: 16.121 Thread 0x000001324b3ea6d0 Uncommon trap: reason=unstable_if action=reinterpret pc=0x000001327460c914 method=java.lang.String.getBytes([BIIBI)V @ 6 c2
Event: 16.121 Thread 0x000001324b3ea6d0 DEOPT PACKING pc=0x000001327460c914 sp=0x0000000bbdafec00
Event: 16.121 Thread 0x000001324b3ea6d0 DEOPT UNPACKING pc=0x0000013273fb69a3 sp=0x0000000bbdafebc8 mode 2
Event: 16.121 Thread 0x000001324b3ea6d0 Uncommon trap: trap_request=0xffffff45 fr.pc=0x00000132745c4338 relative=0x0000000000000418
Event: 16.121 Thread 0x000001324b3ea6d0 Uncommon trap: reason=unstable_if action=reinterpret pc=0x00000132745c4338 method=java.lang.StringBuilder.toString()Ljava/lang/String; @ 4 c2
Event: 16.121 Thread 0x000001324b3ea6d0 DEOPT PACKING pc=0x00000132745c4338 sp=0x0000000bbdafedf0
Event: 16.121 Thread 0x000001324b3ea6d0 DEOPT UNPACKING pc=0x0000013273fb69a3 sp=0x0000000bbdafedd0 mode 2
Event: 16.121 Thread 0x000001324b3ea6d0 Uncommon trap: trap_request=0xffffff76 fr.pc=0x0000013274732250 relative=0x0000000000001f90
Event: 16.121 Thread 0x000001324b3ea6d0 Uncommon trap: reason=predicate action=maybe_recompile pc=0x0000013274732250 method=java.util.regex.Pattern.compile()V @ 78 c2
Event: 16.121 Thread 0x000001324b3ea6d0 DEOPT PACKING pc=0x0000013274732250 sp=0x0000000bbdafede0
Event: 16.121 Thread 0x000001324b3ea6d0 DEOPT UNPACKING pc=0x0000013273fb69a3 sp=0x0000000bbdafedc0 mode 2
Event: 16.121 Thread 0x000001324b3ea6d0 Uncommon trap: trap_request=0xffffff45 fr.pc=0x00000132746cfa04 relative=0x0000000000000084
Event: 16.121 Thread 0x000001324b3ea6d0 Uncommon trap: reason=unstable_if action=reinterpret pc=0x00000132746cfa04 method=java.lang.String.codePointAt(I)I @ 4 c2
Event: 16.121 Thread 0x000001324b3ea6d0 DEOPT PACKING pc=0x00000132746cfa04 sp=0x0000000bbdafeda0
Event: 16.121 Thread 0x000001324b3ea6d0 DEOPT UNPACKING pc=0x0000013273fb69a3 sp=0x0000000bbdafed48 mode 2

Classes unloaded (20 events):
Event: 12.847 Thread 0x000001327f2bbb10 Unloading class 0x00000132053329f0 'lombok/javac/apt/MessagerDiagnosticsReceiver'
Event: 12.847 Thread 0x000001327f2bbb10 Unloading class 0x0000013205332640 'lombok/javac/apt/InterceptingJavaFileManager'
Event: 12.847 Thread 0x000001327f2bbb10 Unloading class 0x0000013205332430 'lombok/permit/dummy/Parent'
Event: 12.847 Thread 0x000001327f2bbb10 Unloading class 0x0000013205332210 'lombok/core/CleanupRegistry'
Event: 12.847 Thread 0x000001327f2bbb10 Unloading class 0x0000013205332000 'lombok/permit/Permit$Fake'
Event: 12.847 Thread 0x000001327f2bbb10 Unloading class 0x0000013205331c10 'lombok/permit/Permit'
Event: 12.847 Thread 0x000001327f2bbb10 Unloading class 0x0000013205331918 'lombok/javac/apt/LombokProcessor$1'
Event: 12.847 Thread 0x000001327f2bbb10 Unloading class 0x0000013205331718 'lombok/core/DiagnosticsReceiver'
Event: 12.847 Thread 0x000001327f2bbb10 Unloading class 0x0000013205331478 'lombok/javac/apt/LombokProcessor'
Event: 12.847 Thread 0x000001327f2bbb10 Unloading class 0x0000013205331240 'lombok/core/AnnotationProcessor$EcjDescriptor'
Event: 12.847 Thread 0x000001327f2bbb10 Unloading class 0x0000013205331000 'lombok/core/AnnotationProcessor$JavacDescriptor'
Event: 12.847 Thread 0x000001327f2bbb10 Unloading class 0x0000013205330a88 'lombok/core/AnnotationProcessor$ProcessorDescriptor'
Event: 12.847 Thread 0x000001327f2bbb10 Unloading class 0x0000013205330800 'lombok/core/AnnotationProcessor'
Event: 12.847 Thread 0x000001327f2bbb10 Unloading class 0x0000013205359000 'lombok/launch/AnnotationProcessorHider$ClaimingProcessor'
Event: 12.847 Thread 0x000001327f2bbb10 Unloading class 0x00000132053304a8 'lombok/launch/AnnotationProcessorHider$AstModificationNotifierData'
Event: 12.847 Thread 0x000001327f2bbb10 Unloading class 0x0000013205330220 'lombok/launch/ClassFileMetaData'
Event: 12.847 Thread 0x000001327f2bbb10 Unloading class 0x0000013205330000 'lombok/launch/PackageShader'
Event: 12.847 Thread 0x000001327f2bbb10 Unloading class 0x0000013205310490 'lombok/launch/ShadowClassLoader'
Event: 12.847 Thread 0x000001327f2bbb10 Unloading class 0x0000013205310288 'lombok/launch/Main'
Event: 12.847 Thread 0x000001327f2bbb10 Unloading class 0x0000013205310000 'lombok/launch/AnnotationProcessorHider$AnnotationProcessor'

Classes redefined (0 events):
No events

Internal exceptions (20 events):
Event: 14.595 Thread 0x0000013264ea0b60 Exception <a 'sun/nio/fs/WindowsException'{0x000000008c363cb8}> (0x000000008c363cb8) 
thrown [s\src\hotspot\share\prims\jni.cpp, line 516]
Event: 14.595 Thread 0x0000013264ea0b60 Exception <a 'sun/nio/fs/WindowsException'{0x000000008c364048}> (0x000000008c364048) 
thrown [s\src\hotspot\share\prims\jni.cpp, line 516]
Event: 14.595 Thread 0x0000013264ea0b60 Exception <a 'sun/nio/fs/WindowsException'{0x000000008c365038}> (0x000000008c365038) 
thrown [s\src\hotspot\share\prims\jni.cpp, line 516]
Event: 14.595 Thread 0x0000013264ea0b60 Exception <a 'sun/nio/fs/WindowsException'{0x000000008c365330}> (0x000000008c365330) 
thrown [s\src\hotspot\share\prims\jni.cpp, line 516]
Event: 14.600 Thread 0x0000013264ea0b60 Exception <a 'sun/nio/fs/WindowsException'{0x000000008c243fd0}> (0x000000008c243fd0) 
thrown [s\src\hotspot\share\prims\jni.cpp, line 516]
Event: 14.608 Thread 0x0000013264ea0b60 Exception <a 'sun/nio/fs/WindowsException'{0x000000008c25df80}> (0x000000008c25df80) 
thrown [s\src\hotspot\share\prims\jni.cpp, line 516]
Event: 14.613 Thread 0x0000013264ea0b60 Exception <a 'sun/nio/fs/WindowsException'{0x000000008c279f20}> (0x000000008c279f20) 
thrown [s\src\hotspot\share\prims\jni.cpp, line 516]
Event: 14.613 Thread 0x0000013264ea0b60 Exception <a 'sun/nio/fs/WindowsException'{0x000000008c27a658}> (0x000000008c27a658) 
thrown [s\src\hotspot\share\prims\jni.cpp, line 516]
Event: 14.613 Thread 0x0000013264ea0b60 Exception <a 'sun/nio/fs/WindowsException'{0x000000008c27ac18}> (0x000000008c27ac18) 
thrown [s\src\hotspot\share\prims\jni.cpp, line 516]
Event: 14.613 Thread 0x0000013264ea0b60 Exception <a 'sun/nio/fs/WindowsException'{0x000000008c27b330}> (0x000000008c27b330) 
thrown [s\src\hotspot\share\prims\jni.cpp, line 516]
Event: 14.614 Thread 0x0000013264ea0b60 Exception <a 'sun/nio/fs/WindowsException'{0x000000008c27b600}> (0x000000008c27b600) 
thrown [s\src\hotspot\share\prims\jni.cpp, line 516]
Event: 14.614 Thread 0x0000013264ea0b60 Exception <a 'sun/nio/fs/WindowsException'{0x000000008c27c280}> (0x000000008c27c280) 
thrown [s\src\hotspot\share\prims\jni.cpp, line 516]
Event: 14.614 Thread 0x0000013264ea0b60 Exception <a 'sun/nio/fs/WindowsException'{0x000000008c27c520}> (0x000000008c27c520) 
thrown [s\src\hotspot\share\prims\jni.cpp, line 516]
Event: 14.614 Thread 0x0000013264ea0b60 Exception <a 'sun/nio/fs/WindowsException'{0x000000008c27d198}> (0x000000008c27d198) 
thrown [s\src\hotspot\share\prims\jni.cpp, line 516]
Event: 15.570 Thread 0x000001324aa624c0 Exception <a 'java/lang/NoSuchMethodError'{0x000000008a4bb598}: 'java.lang.Object java.lang.invoke.DirectMethodHandle$Holder.invokeStaticInit(java.lang.Object, java.lang.Object, long, java.lang.Object)'> (0x000000008a4bb598) 
thrown [s\src\hotspot\share\interpreter\linkResolver.cpp, line 759]
Event: 15.571 Thread 0x000001324aa624c0 Exception <a 'java/lang/NoSuchMethodError'{0x000000008a4c1cd8}: 'java.lang.Object java.lang.invoke.DirectMethodHandle$Holder.newInvokeSpecial(java.lang.Object, java.lang.Object, long)'> (0x000000008a4c1cd8) 
thrown [s\src\hotspot\share\interpreter\linkResolver.cpp, line 759]
Event: 15.572 Thread 0x000001324aa624c0 Exception <a 'java/lang/NoSuchMethodError'{0x000000008a4c5848}: 'java.lang.Object java.lang.invoke.Invokers$Holder.linkToTargetMethod(java.lang.Object, long, java.lang.Object)'> (0x000000008a4c5848) 
thrown [s\src\hotspot\share\interpreter\linkResolver.cpp, line 759]
Event: 15.687 Thread 0x0000013264ea0b60 Exception <a 'java/lang/NoSuchMethodError'{0x000000008a0b5c80}: 'java.lang.Object java.lang.invoke.DirectMethodHandle$Holder.invokeStaticInit(java.lang.Object, java.lang.Object, int, int, int, int)'> (0x000000008a0b5c80) 
thrown [s\src\hotspot\share\interpreter\linkResolver.cpp, line 759]
Event: 16.077 Thread 0x0000013264ea0b60 Exception <a 'java/lang/NoSuchMethodError'{0x000000008c2677a0}: 'void java.lang.invoke.DirectMethodHandle$Holder.invokeStatic(java.lang.Object, long)'> (0x000000008c2677a0) 
thrown [s\src\hotspot\share\interpreter\linkResolver.cpp, line 759]
Event: 16.078 Thread 0x0000013264ea0b60 Exception <a 'java/lang/NoSuchMethodError'{0x000000008c26cdf0}: 'java.lang.Object java.lang.invoke.DirectMethodHandle$Holder.newInvokeSpecial(java.lang.Object, long)'> (0x000000008c26cdf0) 
thrown [s\src\hotspot\share\interpreter\linkResolver.cpp, line 759]

VM Operations (20 events):
Event: 15.543 Executing VM operation: HandshakeAllThreads
Event: 15.543 Executing VM operation: HandshakeAllThreads done
Event: 15.554 Executing VM operation: HandshakeAllThreads
Event: 15.554 Executing VM operation: HandshakeAllThreads done
Event: 15.572 Executing VM operation: HandshakeAllThreads
Event: 15.572 Executing VM operation: HandshakeAllThreads done
Event: 15.636 Executing VM operation: HandshakeAllThreads
Event: 15.636 Executing VM operation: HandshakeAllThreads done
Event: 15.891 Executing VM operation: G1CollectForAllocation
Event: 15.896 Executing VM operation: G1CollectForAllocation done
Event: 15.975 Executing VM operation: HandshakeAllThreads
Event: 15.975 Executing VM operation: HandshakeAllThreads done
Event: 15.994 Executing VM operation: HandshakeAllThreads
Event: 15.994 Executing VM operation: HandshakeAllThreads done
Event: 15.995 Executing VM operation: HandshakeAllThreads
Event: 15.995 Executing VM operation: HandshakeAllThreads done
Event: 16.080 Executing VM operation: HandshakeAllThreads
Event: 16.080 Executing VM operation: HandshakeAllThreads done
Event: 16.088 Executing VM operation: HandshakeAllThreads
Event: 16.088 Executing VM operation: HandshakeAllThreads done

Events (20 events):
Event: 16.059 loading class java/lang/ProcessImpl done
Event: 16.078 loading class java/lang/ProcessImpl$2
Event: 16.078 loading class java/lang/ProcessImpl$2 done
Event: 16.079 loading class java/lang/Process$PipeInputStream
Event: 16.079 loading class java/lang/Process$PipeInputStream done
Event: 16.080 loading class jdk/internal/event/ProcessStartEvent
Event: 16.080 loading class jdk/internal/event/ProcessStartEvent done
Event: 16.081 loading class java/nio/channels/ClosedChannelException
Event: 16.082 loading class java/nio/channels/ClosedChannelException done
Event: 16.089 loading class java/nio/channels/NonReadableChannelException
Event: 16.089 loading class java/nio/channels/NonReadableChannelException done
Event: 16.090 loading class java/nio/channels/NonWritableChannelException
Event: 16.090 loading class java/nio/channels/NonWritableChannelException done
Event: 16.115 Thread 0x000001324b3ea6d0 Thread added: 0x000001324b3ea6d0
Event: 16.115 loading class java/util/Scanner
Event: 16.115 Thread 0x000001324b3eb600 Thread added: 0x000001324b3eb600
Event: 16.117 loading class java/util/Scanner done
Event: 16.119 loading class java/util/Scanner$PatternLRUCache
Event: 16.119 loading class java/util/Scanner$PatternLRUCache done
Event: 16.130 Thread 0x000001324b3eabe0 Thread added: 0x000001324b3eabe0


Dynamic libraries:
0x00007ff64ea60000 - 0x00007ff64ea6e000 	C:\Program Files\Java\zulu17.44.15-ca-jdk17.0.8-win_x64\bin\java.exe
0x00007ff980f70000 - 0x00007ff981168000 	C:\Windows\SYSTEM32\ntdll.dll
0x00007ff980ce0000 - 0x00007ff980da1000 	C:\Windows\System32\KERNEL32.DLL
0x00007ff97e7d0000 - 0x00007ff97eacd000 	C:\Windows\System32\KERNELBASE.dll
0x00007ff97ee30000 - 0x00007ff97ef30000 	C:\Windows\System32\ucrtbase.dll
0x00007ff9527b0000 - 0x00007ff9527cb000 	C:\Program Files\Java\zulu17.44.15-ca-jdk17.0.8-win_x64\bin\VCRUNTIME140.dll
0x00007ff952800000 - 0x00007ff952819000 	C:\Program Files\Java\zulu17.44.15-ca-jdk17.0.8-win_x64\bin\jli.dll
0x00007ff980050000 - 0x00007ff9801ed000 	C:\Windows\System32\USER32.dll
0x00007ff97ee00000 - 0x00007ff97ee22000 	C:\Windows\System32\win32u.dll
0x00007ff9732c0000 - 0x00007ff97355a000 	C:\Windows\WinSxS\amd64_microsoft.windows.common-controls_6595b64144ccf1df_6.0.19041.4355_none_60b8b9eb71f62e16\COMCTL32.dll
0x00007ff97f730000 - 0x00007ff97f75b000 	C:\Windows\System32\GDI32.dll
0x00007ff980450000 - 0x00007ff9804ee000 	C:\Windows\System32\msvcrt.dll
0x00007ff97ec20000 - 0x00007ff97ed37000 	C:\Windows\System32\gdi32full.dll
0x00007ff97ead0000 - 0x00007ff97eb6d000 	C:\Windows\System32\msvcp_win.dll
0x00007ff980b80000 - 0x00007ff980baf000 	C:\Windows\System32\IMM32.DLL
0x00007ff95a600000 - 0x00007ff95a60c000 	C:\Program Files\Java\zulu17.44.15-ca-jdk17.0.8-win_x64\bin\vcruntime140_1.dll
0x00007ff94ddf0000 - 0x00007ff94de7d000 	C:\Program Files\Java\zulu17.44.15-ca-jdk17.0.8-win_x64\bin\msvcp140.dll
0x00007ff8e5810000 - 0x00007ff8e6478000 	C:\Program Files\Java\zulu17.44.15-ca-jdk17.0.8-win_x64\bin\server\jvm.dll
0x00007ff980200000 - 0x00007ff9802b0000 	C:\Windows\System32\ADVAPI32.dll
0x00007ff9802b0000 - 0x00007ff980350000 	C:\Windows\System32\sechost.dll
0x00007ff980680000 - 0x00007ff9807a3000 	C:\Windows\System32\RPCRT4.dll
0x00007ff97edd0000 - 0x00007ff97edf7000 	C:\Windows\System32\bcrypt.dll
0x00007ff97db20000 - 0x00007ff97db6b000 	C:\Windows\SYSTEM32\POWRPROF.dll
0x00007ff970f60000 - 0x00007ff970f69000 	C:\Windows\SYSTEM32\WSOCK32.dll
0x00007ff971220000 - 0x00007ff971247000 	C:\Windows\SYSTEM32\WINMM.dll
0x00007ff977290000 - 0x00007ff97729a000 	C:\Windows\SYSTEM32\VERSION.dll
0x00007ff980360000 - 0x00007ff9803cb000 	C:\Windows\System32\WS2_32.dll
0x00007ff97d9e0000 - 0x00007ff97d9f2000 	C:\Windows\SYSTEM32\UMPDC.dll
0x00007ff97ce50000 - 0x00007ff97ce62000 	C:\Windows\SYSTEM32\kernel.appcore.dll
0x00007ff957090000 - 0x00007ff95709a000 	C:\Program Files\Java\zulu17.44.15-ca-jdk17.0.8-win_x64\bin\jimage.dll
0x00007ff97cb10000 - 0x00007ff97ccf4000 	C:\Windows\SYSTEM32\DBGHELP.DLL
0x00007ff958c40000 - 0x00007ff958c74000 	C:\Windows\SYSTEM32\dbgcore.DLL
0x00007ff97ed40000 - 0x00007ff97edc2000 	C:\Windows\System32\bcryptPrimitives.dll
0x00007ff950790000 - 0x00007ff9507b5000 	C:\Program Files\Java\zulu17.44.15-ca-jdk17.0.8-win_x64\bin\java.dll
0x00007ff94b880000 - 0x00007ff94b957000 	C:\Program Files\Java\zulu17.44.15-ca-jdk17.0.8-win_x64\bin\jsvml.dll
0x00007ff97efc0000 - 0x00007ff97f72f000 	C:\Windows\System32\SHELL32.dll
0x00007ff97c290000 - 0x00007ff97ca33000 	C:\Windows\SYSTEM32\windows.storage.dll
0x00007ff97fc30000 - 0x00007ff97ff83000 	C:\Windows\System32\combase.dll
0x00007ff97e050000 - 0x00007ff97e07e000 	C:\Windows\SYSTEM32\Wldp.dll
0x00007ff980e60000 - 0x00007ff980f2d000 	C:\Windows\System32\OLEAUT32.dll
0x00007ff9804f0000 - 0x00007ff98059d000 	C:\Windows\System32\SHCORE.dll
0x00007ff97fff0000 - 0x00007ff980045000 	C:\Windows\System32\shlwapi.dll
0x00007ff97e550000 - 0x00007ff97e574000 	C:\Windows\SYSTEM32\profapi.dll
0x00007ff950770000 - 0x00007ff950789000 	C:\Program Files\Java\zulu17.44.15-ca-jdk17.0.8-win_x64\bin\net.dll
0x00007ff976ff0000 - 0x00007ff9770fd000 	C:\Windows\SYSTEM32\WINHTTP.dll
0x00007ff97dd50000 - 0x00007ff97ddba000 	C:\Windows\system32\mswsock.dll
0x00007ff950750000 - 0x00007ff950766000 	C:\Program Files\Java\zulu17.44.15-ca-jdk17.0.8-win_x64\bin\nio.dll
0x00007ff94f6c0000 - 0x00007ff94f6d8000 	C:\Program Files\Java\zulu17.44.15-ca-jdk17.0.8-win_x64\bin\zip.dll
0x0000000069ac0000 - 0x0000000069ae4000 	C:\Users\Gabriel Xavier\Downloads\apache-maven-3.9.6\lib\jansi-native\Windows\x86_64\jansi.dll
0x00007ff952860000 - 0x00007ff952870000 	C:\Program Files\Java\zulu17.44.15-ca-jdk17.0.8-win_x64\bin\verify.dll
0x00007ff97df20000 - 0x00007ff97df38000 	C:\Windows\SYSTEM32\CRYPTSP.dll
0x00007ff97d620000 - 0x00007ff97d654000 	C:\Windows\system32\rsaenh.dll
0x00007ff97e4d0000 - 0x00007ff97e4fe000 	C:\Windows\SYSTEM32\USERENV.dll
0x00007ff97df10000 - 0x00007ff97df1c000 	C:\Windows\SYSTEM32\CRYPTBASE.dll
0x00007ff97da00000 - 0x00007ff97da3b000 	C:\Windows\SYSTEM32\IPHLPAPI.DLL
0x00007ff980b70000 - 0x00007ff980b78000 	C:\Windows\System32\NSI.dll
0x00007ff977ae0000 - 0x00007ff977af7000 	C:\Windows\SYSTEM32\dhcpcsvc6.DLL
0x00007ff979000000 - 0x00007ff97901d000 	C:\Windows\SYSTEM32\dhcpcsvc.DLL
0x00007ff97da40000 - 0x00007ff97db0a000 	C:\Windows\SYSTEM32\DNSAPI.dll

dbghelp: loaded successfully - version: 4.0.5 - missing functions: none
symbol engine: initialized successfully - sym options: 0x614 - pdb path: .;C:\Program Files\Java\zulu17.44.15-ca-jdk17.0.8-win_x64\bin;C:\Windows\SYSTEM32;C:\Windows\WinSxS\amd64_microsoft.windows.common-controls_6595b64144ccf1df_6.0.19041.4355_none_60b8b9eb71f62e16;C:\Program Files\Java\zulu17.44.15-ca-jdk17.0.8-win_x64\bin\server;C:\Users\Gabriel Xavier\Downloads\apache-maven-3.9.6\lib\jansi-native\Windows\x86_64

VM Arguments:
jvm_args: -Dclassworlds.conf=C:\Users\Gabriel Xavier\Downloads\apache-maven-3.9.6\bin\m2.conf -Dmaven.home=C:\Users\Gabriel Xavier\Downloads\apache-maven-3.9.6 -Dlibrary.jansi.path=C:\Users\Gabriel Xavier\Downloads\apache-maven-3.9.6\lib\jansi-native -Dmaven.multiModuleProjectDirectory=E:\IFPB\gustavop6\my-rabbitmq-project 
java_command: org.codehaus.plexus.classworlds.launcher.Launcher clean install
java_class_path (initial): C:\Users\Gabriel Xavier\Downloads\apache-maven-3.9.6\boot\plexus-classworlds-2.7.0.jar
Launcher Type: SUN_STANDARD

[Global flags]
     intx CICompilerCount                          = 4                                         {product} {ergonomic}
     uint ConcGCThreads                            = 2                                         {product} {ergonomic}
     uint G1ConcRefinementThreads                  = 8                                         {product} {ergonomic}
   size_t G1HeapRegionSize                         = 1048576                                   {product} {ergonomic}
    uintx GCDrainStackTargetSize                   = 64                                        {product} {ergonomic}
   size_t InitialHeapSize                          = 132120576                                 {product} {ergonomic}
   size_t MarkStackSize                            = 4194304                                   {product} {ergonomic}
   size_t MaxHeapSize                              = 2113929216                                {product} {ergonomic}
   size_t MaxNewSize                               = 1267728384                                {product} {ergonomic}
   size_t MinHeapDeltaBytes                        = 1048576                                   {product} {ergonomic}
   size_t MinHeapSize                              = 8388608                                   {product} {ergonomic}
    uintx NonNMethodCodeHeapSize                   = 5839372                                {pd product} {ergonomic}
    uintx NonProfiledCodeHeapSize                  = 122909434                              {pd product} {ergonomic}
    uintx ProfiledCodeHeapSize                     = 122909434                              {pd product} {ergonomic}
    uintx ReservedCodeCacheSize                    = 251658240                              {pd product} {ergonomic}
     bool SegmentedCodeCache                       = true                                      {product} {ergonomic}
   size_t SoftMaxHeapSize                          = 2113929216                             {manageable} {ergonomic}
     bool UseCompressedClassPointers               = true                           {product lp64_product} {ergonomic}
     bool UseCompressedOops                        = true                           {product lp64_product} {ergonomic}
     bool UseG1GC                                  = true                                      {product} {ergonomic}
     bool UseLargePagesIndividualAllocation        = false                                  {pd product} {ergonomic}

Logging:
Log output configuration:
 #0: stdout all=warning uptime,level,tags
 #1: stderr all=off uptime,level,tags

Environment Variables:
JAVA_HOME=C:\Program Files\Java\zulu17.44.15-ca-jdk17.0.8-win_x64
PATH=C:\Program Files\Java\zulu17.44.15-ca-jdk17.0.8-win_x64\bin;C:\Python311\Scripts\;C:\Python311\;C:\Program Files (x86)\Common Files\Oracle\Java\javapath;C:\Windows\system32;C:\Windows;C:\Windows\System32\Wbem;C:\Windows\System32\WindowsPowerShell\v1.0\;C:\Windows\System32\OpenSSH\;C:\Program Files\Microsoft SQL Server\Client SDK\ODBC\170\Tools\Binn\;E:\Program Files (x86)\Microsoft SQL Server\150\Tools\Binn\;C:\Program Files\Microsoft SQL Server\150\Tools\Binn\;C:\Program Files\Microsoft SQL Server\150\DTS\Binn\;C:\Program Files\Azure Data Studio\bin;C:\ProgramData\chocolatey\bin;C:\Program Files (x86)\Yarn\bin\;E:\nodejs\;E:\Git\cmd;C:\Program Files\Docker\Docker\resources\bin;E:\Ruby32-x64\bin;C:\Ruby32-x64\bin;C:\Program Files\MySQL\MySQL Shell 8.0\bin\;C:\Users\Gabriel Xavier\AppData\Local\Microsoft\WindowsApps;E:\Microsoft VS Code\bin;C:\Program Files\Azure Data Studio\bin;C:\Users\Gabriel Xavier\AppData\Local\Yarn\bin;C:\Users\Gabriel Xavier\AppData\Roaming\npm;C:\Users\Gabriel Xavier\Downloads\apache-maven-3.9.6\bin
USERNAME=Gabriel Xavier
LANG=en_US.UTF-8
OS=Windows_NT
PROCESSOR_IDENTIFIER=Intel64 Family 6 Model 142 Stepping 10, GenuineIntel
TMP=C:\Users\GABRIE~1\AppData\Local\Temp
TEMP=C:\Users\GABRIE~1\AppData\Local\Temp



---------------  S Y S T E M  ---------------

OS:
 Windows 10 , 64 bit Build 19041 (10.0.19041.4842)
OS uptime: 0 days 0:38 hours
Hyper-V role detected

CPU: total 8 (initial active 8) (4 cores per cpu, 2 threads per core) family 6 model 142 stepping 10 microcode 0xd6, cx8, cmov, fxsr, ht, mmx, 3dnowpref, sse, sse2, sse3, ssse3, sse4.1, sse4.2, popcnt, lzcnt, tsc, tscinvbit, avx, avx2, aes, erms, clmul, bmi1, bmi2, adx, fma, vzeroupper, clflush, clflushopt, hv
Processor Information for all 8 processors :
  Max Mhz: 1992, Current Mhz: 1792, Mhz Limit: 1792

Memory: 4k page, system-wide physical 8056M (552M free)
TotalPageFile size 14054M (AvailPageFile size 3M)
current process WorkingSet (physical memory assigned to process): 270M, peak: 273M
current process commit charge ("private bytes"): 344M, peak: 348M

vm_info: OpenJDK 64-Bit Server VM (17.0.8+7-LTS) for windows-amd64 JRE (17.0.8+7-LTS) (Zulu17.44+15-CA), built on Jul  5 2023 07:56:11 by "zulu_re" with MS VC++ 16.10 / 16.11 (VS2019)

END.
