#
# There is insufficient memory for the Java Runtime Environment to continue.
# Native memory allocation (mmap) failed to map 132120576 bytes for G1 virtual space
# Possible reasons:
#   The system is out of physical RAM or swap space
#   The process is running with CompressedOops enabled, and the Java Heap may be blocking the growth of the native heap
# Possible solutions:
#   Reduce memory load on the system
#   Increase physical memory or swap space
#   Check if swap backing store is full
#   Decrease Java heap size (-Xmx/-Xms)
#   Decrease number of Java threads
#   Decrease Java thread stack sizes (-Xss)
#   Set larger code cache with -XX:ReservedCodeCacheSize=
#   JVM is running with Unscaled Compressed Oops mode in which the Java heap is
#     placed in the first 4GB address space. The Java Heap base address is the
#     maximum limit for the native heap growth. Please use -XX:HeapBaseMinAddress
#     to set the Java Heap base and to place the Java Heap above 4GB virtual address.
# This output file may be truncated or incomplete.
#
#  Out of Memory Error (os_windows.cpp:3617), pid=21304, tid=14752
#
# JRE version:  (17.0.8+7) (build )
# Java VM: OpenJDK 64-Bit Server VM (17.0.8+7-LTS, mixed mode, sharing, tiered, compressed oops, compressed class ptrs, g1 gc, windows-amd64)
# No core dump will be written. Minidumps are not enabled by default on client versions of Windows
#

---------------  S U M M A R Y ------------

Command Line: -Dnet.bytebuddy.agent.attacher.dump= net.bytebuddy.agent.Attacher com.sun.tools.attach.VirtualMachine 14404 C:\Users\Gabriel Xavier\.m2\repository\net\bytebuddy\byte-buddy-agent\1.14.19\byte-buddy-agent-1.14.19.jar false 

Host: Intel(R) Core(TM) i7-8550U CPU @ 1.80GHz, 8 cores, 7G,  Windows 10 , 64 bit Build 19041 (10.0.19041.4842)
Time: Mon Sep 30 19:26:58 2024 Hora oficial do Brasil elapsed time: 0.017804 seconds (0d 0h 0m 0s)

---------------  T H R E A D  ---------------

Current thread (0x00000150f0962d00):  JavaThread "Unknown thread" [_thread_in_vm, id=14752, stack(0x0000003d1ec00000,0x0000003d1ed00000)]

Stack: [0x0000003d1ec00000,0x0000003d1ed00000]
Native frames: (J=compiled Java code, j=interpreted, Vv=VM code, C=native code)
V  [jvm.dll+0x67e01a]
V  [jvm.dll+0x83be54]
V  [jvm.dll+0x83d5fe]
V  [jvm.dll+0x83dc63]
V  [jvm.dll+0x24b18f]
V  [jvm.dll+0x67ad89]
V  [jvm.dll+0x66f61a]
V  [jvm.dll+0x30a85b]
V  [jvm.dll+0x311d06]
V  [jvm.dll+0x36223e]
V  [jvm.dll+0x36246f]
V  [jvm.dll+0x2e17f8]
V  [jvm.dll+0x2e2764]
V  [jvm.dll+0x80dae1]
V  [jvm.dll+0x370001]
V  [jvm.dll+0x7ecddc]
V  [jvm.dll+0x3f2d3f]
V  [jvm.dll+0x3f4951]
C  [jli.dll+0x532f]
C  [ucrtbase.dll+0x21bb2]
C  [KERNEL32.DLL+0x17374]
C  [ntdll.dll+0x4cc91]


---------------  P R O C E S S  ---------------

Threads class SMR info:
_java_thread_list=0x00007ff8e63460d8, length=0, elements={
}

Java Threads: ( => current thread )

Other Threads:
  0x00000150f09bb9a0 GCTaskThread "GC Thread#0" [stack: 0x0000003d1ed00000,0x0000003d1ee00000] [id=2760]
  0x00000150f09cc4f0 ConcurrentGCThread "G1 Main Marker" [stack: 0x0000003d1ee00000,0x0000003d1ef00000] [id=26152]
  0x00000150f09cd6b0 ConcurrentGCThread "G1 Conc#0" [stack: 0x0000003d1ef00000,0x0000003d1f000000] [id=916]

[error occurred during error reporting (printing all threads), id 0xc0000005, EXCEPTION_ACCESS_VIOLATION (0xc0000005) at pc=0x00007ff8e5b02187]

VM state: not at safepoint (not fully initialized)

VM Mutex/Monitor currently owned by a thread:  ([mutex/lock_event])
[0x00000150f095f9e0] Heap_lock - owner thread: 0x00000150f0962d00

Heap address: 0x0000000082000000, size: 2016 MB, Compressed Oops mode: 32-bit

CDS archive(s) mapped at: [0x0000000000000000-0x0000000000000000-0x0000000000000000), size 0, SharedBaseAddress: 0x0000000800000000, ArchiveRelocationMode: 1.
Narrow klass base: 0x0000000000000000, Narrow klass shift: 0, Narrow klass range: 0x0

GC Precious Log:
<Empty>

Heap:
 garbage-first heap   total 0K, used 0K [0x0000000082000000, 0x0000000100000000)
  region size 1024K, 0 young (0K), 0 survivors (0K)

[error occurred during error reporting (printing heap information), id 0xc0000005, EXCEPTION_ACCESS_VIOLATION (0xc0000005) at pc=0x00007ff8e5ee7cd9]

GC Heap History (0 events):
No events

Dll operation events (1 events):
Event: 0.011 Loaded shared library C:\Program Files\Java\zulu17.44.15-ca-jdk17.0.8-win_x64\bin\java.dll

Deoptimization events (0 events):
No events

Classes unloaded (0 events):
No events

Classes redefined (0 events):
No events

Internal exceptions (0 events):
No events

VM Operations (0 events):
No events

Events (0 events):
No events


Dynamic libraries:
0x00007ff64ea60000 - 0x00007ff64ea6e000 	C:\Program Files\Java\zulu17.44.15-ca-jdk17.0.8-win_x64\bin\java.exe
0x00007ff980f70000 - 0x00007ff981168000 	C:\Windows\SYSTEM32\ntdll.dll
0x00007ff980ce0000 - 0x00007ff980da1000 	C:\Windows\System32\KERNEL32.DLL
0x00007ff97e7d0000 - 0x00007ff97eacd000 	C:\Windows\System32\KERNELBASE.dll
0x00007ff97ee30000 - 0x00007ff97ef30000 	C:\Windows\System32\ucrtbase.dll
0x00007ff9527b0000 - 0x00007ff9527cb000 	C:\Program Files\Java\zulu17.44.15-ca-jdk17.0.8-win_x64\bin\VCRUNTIME140.dll
0x00007ff952800000 - 0x00007ff952819000 	C:\Program Files\Java\zulu17.44.15-ca-jdk17.0.8-win_x64\bin\jli.dll
0x00007ff980050000 - 0x00007ff9801ed000 	C:\Windows\System32\USER32.dll
0x00007ff97ee00000 - 0x00007ff97ee22000 	C:\Windows\System32\win32u.dll
0x00007ff9732c0000 - 0x00007ff97355a000 	C:\Windows\WinSxS\amd64_microsoft.windows.common-controls_6595b64144ccf1df_6.0.19041.4355_none_60b8b9eb71f62e16\COMCTL32.dll
0x00007ff97f730000 - 0x00007ff97f75b000 	C:\Windows\System32\GDI32.dll
0x00007ff980450000 - 0x00007ff9804ee000 	C:\Windows\System32\msvcrt.dll
0x00007ff97ec20000 - 0x00007ff97ed37000 	C:\Windows\System32\gdi32full.dll
0x00007ff97ead0000 - 0x00007ff97eb6d000 	C:\Windows\System32\msvcp_win.dll
0x00007ff980b80000 - 0x00007ff980baf000 	C:\Windows\System32\IMM32.DLL
0x00007ff95a600000 - 0x00007ff95a60c000 	C:\Program Files\Java\zulu17.44.15-ca-jdk17.0.8-win_x64\bin\vcruntime140_1.dll
0x00007ff94ddf0000 - 0x00007ff94de7d000 	C:\Program Files\Java\zulu17.44.15-ca-jdk17.0.8-win_x64\bin\msvcp140.dll
0x00007ff8e5810000 - 0x00007ff8e6478000 	C:\Program Files\Java\zulu17.44.15-ca-jdk17.0.8-win_x64\bin\server\jvm.dll
0x00007ff980200000 - 0x00007ff9802b0000 	C:\Windows\System32\ADVAPI32.dll
0x00007ff9802b0000 - 0x00007ff980350000 	C:\Windows\System32\sechost.dll
0x00007ff980680000 - 0x00007ff9807a3000 	C:\Windows\System32\RPCRT4.dll
0x00007ff97edd0000 - 0x00007ff97edf7000 	C:\Windows\System32\bcrypt.dll
0x00007ff97db20000 - 0x00007ff97db6b000 	C:\Windows\SYSTEM32\POWRPROF.dll
0x00007ff970f60000 - 0x00007ff970f69000 	C:\Windows\SYSTEM32\WSOCK32.dll
0x00007ff977290000 - 0x00007ff97729a000 	C:\Windows\SYSTEM32\VERSION.dll
0x00007ff980360000 - 0x00007ff9803cb000 	C:\Windows\System32\WS2_32.dll
0x00007ff971220000 - 0x00007ff971247000 	C:\Windows\SYSTEM32\WINMM.dll
0x00007ff97d9e0000 - 0x00007ff97d9f2000 	C:\Windows\SYSTEM32\UMPDC.dll
0x00007ff97ce50000 - 0x00007ff97ce62000 	C:\Windows\SYSTEM32\kernel.appcore.dll
0x00007ff957090000 - 0x00007ff95709a000 	C:\Program Files\Java\zulu17.44.15-ca-jdk17.0.8-win_x64\bin\jimage.dll
0x00007ff97cb10000 - 0x00007ff97ccf4000 	C:\Windows\SYSTEM32\DBGHELP.DLL
0x00007ff958c40000 - 0x00007ff958c74000 	C:\Windows\SYSTEM32\dbgcore.DLL
0x00007ff97ed40000 - 0x00007ff97edc2000 	C:\Windows\System32\bcryptPrimitives.dll
0x00007ff950790000 - 0x00007ff9507b5000 	C:\Program Files\Java\zulu17.44.15-ca-jdk17.0.8-win_x64\bin\java.dll

dbghelp: loaded successfully - version: 4.0.5 - missing functions: none
symbol engine: initialized successfully - sym options: 0x614 - pdb path: .;C:\Program Files\Java\zulu17.44.15-ca-jdk17.0.8-win_x64\bin;C:\Windows\SYSTEM32;C:\Windows\WinSxS\amd64_microsoft.windows.common-controls_6595b64144ccf1df_6.0.19041.4355_none_60b8b9eb71f62e16;C:\Program Files\Java\zulu17.44.15-ca-jdk17.0.8-win_x64\bin\server

VM Arguments:
jvm_args: -Dnet.bytebuddy.agent.attacher.dump= 
java_command: net.bytebuddy.agent.Attacher com.sun.tools.attach.VirtualMachine 14404 C:\Users\Gabriel Xavier\.m2\repository\net\bytebuddy\byte-buddy-agent\1.14.19\byte-buddy-agent-1.14.19.jar false 
java_class_path (initial): C:\Users\Gabriel Xavier\.m2\repository\net\bytebuddy\byte-buddy-agent\1.14.19\byte-buddy-agent-1.14.19.jar
Launcher Type: SUN_STANDARD

[Global flags]
     intx CICompilerCount                          = 4                                         {product} {ergonomic}
     uint ConcGCThreads                            = 2                                         {product} {ergonomic}
     uint G1ConcRefinementThreads                  = 8                                         {product} {ergonomic}
   size_t G1HeapRegionSize                         = 1048576                                   {product} {ergonomic}
    uintx GCDrainStackTargetSize                   = 64                                        {product} {ergonomic}
   size_t InitialHeapSize                          = 132120576                                 {product} {ergonomic}
   size_t MarkStackSize                            = 4194304                                   {product} {ergonomic}
   size_t MaxHeapSize                              = 2113929216                                {product} {ergonomic}
   size_t MinHeapDeltaBytes                        = 1048576                                   {product} {ergonomic}
   size_t MinHeapSize                              = 8388608                                   {product} {ergonomic}
    uintx NonNMethodCodeHeapSize                   = 5839372                                {pd product} {ergonomic}
    uintx NonProfiledCodeHeapSize                  = 122909434                              {pd product} {ergonomic}
    uintx ProfiledCodeHeapSize                     = 122909434                              {pd product} {ergonomic}
    uintx ReservedCodeCacheSize                    = 251658240                              {pd product} {ergonomic}
     bool SegmentedCodeCache                       = true                                      {product} {ergonomic}
   size_t SoftMaxHeapSize                          = 2113929216                             {manageable} {ergonomic}
     bool UseCompressedClassPointers               = true                           {product lp64_product} {ergonomic}
     bool UseCompressedOops                        = true                           {product lp64_product} {ergonomic}
     bool UseG1GC                                  = true                                      {product} {ergonomic}
     bool UseLargePagesIndividualAllocation        = false                                  {pd product} {ergonomic}

Logging:
Log output configuration:
 #0: stdout all=warning uptime,level,tags
 #1: stderr all=off uptime,level,tags

Environment Variables:
JAVA_HOME=C:\Program Files\Java\zulu17.44.15-ca-jdk17.0.8-win_x64
PATH=C:\Program Files\Java\zulu17.44.15-ca-jdk17.0.8-win_x64\bin;C:\Python311\Scripts\;C:\Python311\;C:\Program Files (x86)\Common Files\Oracle\Java\javapath;C:\Windows\system32;C:\Windows;C:\Windows\System32\Wbem;C:\Windows\System32\WindowsPowerShell\v1.0\;C:\Windows\System32\OpenSSH\;C:\Program Files\Microsoft SQL Server\Client SDK\ODBC\170\Tools\Binn\;E:\Program Files (x86)\Microsoft SQL Server\150\Tools\Binn\;C:\Program Files\Microsoft SQL Server\150\Tools\Binn\;C:\Program Files\Microsoft SQL Server\150\DTS\Binn\;C:\Program Files\Azure Data Studio\bin;C:\ProgramData\chocolatey\bin;C:\Program Files (x86)\Yarn\bin\;E:\nodejs\;E:\Git\cmd;C:\Program Files\Docker\Docker\resources\bin;E:\Ruby32-x64\bin;C:\Ruby32-x64\bin;C:\Program Files\MySQL\MySQL Shell 8.0\bin\;C:\Users\Gabriel Xavier\AppData\Local\Microsoft\WindowsApps;E:\Microsoft VS Code\bin;C:\Program Files\Azure Data Studio\bin;C:\Users\Gabriel Xavier\AppData\Local\Yarn\bin;C:\Users\Gabriel Xavier\AppData\Roaming\npm;C:\Users\Gabriel Xavier\Downloads\apache-maven-3.9.6\bin
USERNAME=Gabriel Xavier
LANG=en_US.UTF-8
OS=Windows_NT
PROCESSOR_IDENTIFIER=Intel64 Family 6 Model 142 Stepping 10, GenuineIntel
TMP=C:\Users\GABRIE~1\AppData\Local\Temp
TEMP=C:\Users\GABRIE~1\AppData\Local\Temp



---------------  S Y S T E M  ---------------

OS:
 Windows 10 , 64 bit Build 19041 (10.0.19041.4842)
OS uptime: 0 days 0:39 hours
Hyper-V role detected

CPU: total 8 (initial active 8) (4 cores per cpu, 2 threads per core) family 6 model 142 stepping 10 microcode 0xd6, cx8, cmov, fxsr, ht, mmx, 3dnowpref, sse, sse2, sse3, ssse3, sse4.1, sse4.2, popcnt, lzcnt, tsc, tscinvbit, avx, avx2, aes, erms, clmul, bmi1, bmi2, adx, fma, vzeroupper, clflush, clflushopt, hv
Processor Information for all 8 processors :
  Max Mhz: 1992, Current Mhz: 1792, Mhz Limit: 1792

Memory: 4k page, system-wide physical 8056M (475M free)
TotalPageFile size 14054M (AvailPageFile size 102M)
current process WorkingSet (physical memory assigned to process): 10M, peak: 10M
current process commit charge ("private bytes"): 60M, peak: 186M

vm_info: OpenJDK 64-Bit Server VM (17.0.8+7-LTS) for windows-amd64 JRE (17.0.8+7-LTS) (Zulu17.44+15-CA), built on Jul  5 2023 07:56:11 by "zulu_re" with MS VC++ 16.10 / 16.11 (VS2019)

END.
